#! /cs/local/bin/vvp
:ivl_version "10.0 (stable)" "(v10_0)";
:ivl_delay_selection "TYPICAL";
:vpi_time_precision + 0;
:vpi_module "system";
:vpi_module "vhdl_sys";
:vpi_module "v2005_math";
:vpi_module "va_math";
S_0x17e9100 .scope module, "labM" "labM" 2 1;
 .timescale 0 0;
v0x1830e70_0 .var "clk", 0 0;
v0x18371f0_0 .var "d", 31 0;
v0x1837290_0 .var "enable", 0 0;
v0x1837360_0 .var "flag", 0 0;
v0x1837400_0 .net "z", 31 0, L_0x1839890;  1 drivers
S_0x17ef0a0 .scope module, "mine" "register" 2 6, 3 79 0, S_0x17e9100;
 .timescale 0 0;
    .port_info 0 /OUTPUT 32 "q"
    .port_info 1 /INPUT 32 "d"
    .port_info 2 /INPUT 1 "clk"
    .port_info 3 /INPUT 1 "enable"
P_0x17ef270 .param/l "SIZE" 0 3 85, +C4<00000000000000000000000000100000>;
v0x1836910_0 .net "clk", 0 0, v0x1830e70_0;  1 drivers
v0x1830a50_0 .net "d", 31 0, v0x18371f0_0;  1 drivers
v0x1830b30_0 .net "enable", 0 0, v0x1837290_0;  1 drivers
v0x1830d00_0 .net "q", 31 0, L_0x1839890;  alias, 1 drivers
LS_0x1839890_0_0 .concat [ 1 1 1 1], v0x182a8b0_0, v0x182af10_0, v0x182b570_0, v0x182bb40_0;
LS_0x1839890_0_4 .concat [ 1 1 1 1], v0x182c280_0, v0x182c830_0, v0x182cde0_0, v0x182d3e0_0;
LS_0x1839890_0_8 .concat [ 1 1 1 1], v0x182dc40_0, v0x182e140_0, v0x182e740_0, v0x182ed40_0;
LS_0x1839890_0_12 .concat [ 1 1 1 1], v0x182f340_0, v0x182f940_0, v0x182ff40_0, v0x1830540_0;
LS_0x1839890_0_16 .concat [ 1 1 1 1], v0x182db30_0, v0x18313c0_0, v0x18319c0_0, v0x1831fc0_0;
LS_0x1839890_0_20 .concat [ 1 1 1 1], v0x18325c0_0, v0x1832bc0_0, v0x18331c0_0, v0x18337c0_0;
LS_0x1839890_0_24 .concat [ 1 1 1 1], v0x1833dc0_0, v0x18343c0_0, v0x18349c0_0, v0x1834fc0_0;
LS_0x1839890_0_28 .concat [ 1 1 1 1], v0x18355c0_0, v0x1835bc0_0, v0x18361c0_0, v0x18367c0_0;
LS_0x1839890_1_0 .concat [ 4 4 4 4], LS_0x1839890_0_0, LS_0x1839890_0_4, LS_0x1839890_0_8, LS_0x1839890_0_12;
LS_0x1839890_1_4 .concat [ 4 4 4 4], LS_0x1839890_0_16, LS_0x1839890_0_20, LS_0x1839890_0_24, LS_0x1839890_0_28;
L_0x1839890 .concat [ 16 16 0 0], LS_0x1839890_1_0, LS_0x1839890_1_4;
L_0x183a030 .part v0x18371f0_0, 0, 1;
L_0x183a150 .part v0x18371f0_0, 1, 1;
L_0x183a1f0 .part v0x18371f0_0, 2, 1;
L_0x183a380 .part v0x18371f0_0, 3, 1;
L_0x183a450 .part v0x18371f0_0, 4, 1;
L_0x183a520 .part v0x18371f0_0, 5, 1;
L_0x183a5c0 .part v0x18371f0_0, 6, 1;
L_0x183a7a0 .part v0x18371f0_0, 7, 1;
L_0x183a840 .part v0x18371f0_0, 8, 1;
L_0x183a8e0 .part v0x18371f0_0, 9, 1;
L_0x183a980 .part v0x18371f0_0, 10, 1;
L_0x183aac0 .part v0x18371f0_0, 11, 1;
L_0x183ab90 .part v0x18371f0_0, 12, 1;
L_0x183ace0 .part v0x18371f0_0, 13, 1;
L_0x183adb0 .part v0x18371f0_0, 14, 1;
L_0x183b090 .part v0x18371f0_0, 15, 1;
L_0x183b130 .part v0x18371f0_0, 16, 1;
L_0x183b270 .part v0x18371f0_0, 17, 1;
L_0x183b310 .part v0x18371f0_0, 18, 1;
L_0x183b1d0 .part v0x18371f0_0, 19, 1;
L_0x183b460 .part v0x18371f0_0, 20, 1;
L_0x183b3b0 .part v0x18371f0_0, 21, 1;
L_0x183b620 .part v0x18371f0_0, 22, 1;
L_0x183b530 .part v0x18371f0_0, 23, 1;
L_0x183b7f0 .part v0x18371f0_0, 24, 1;
L_0x183b6f0 .part v0x18371f0_0, 25, 1;
L_0x183b9a0 .part v0x18371f0_0, 26, 1;
L_0x183b8c0 .part v0x18371f0_0, 27, 1;
L_0x183bb60 .part v0x18371f0_0, 28, 1;
L_0x183ba70 .part v0x18371f0_0, 29, 1;
L_0x183bd30 .part v0x18371f0_0, 30, 1;
L_0x183af90 .part v0x18371f0_0, 31, 1;
S_0x17e3420 .scope module, "myFF[0]" "ff" 3 90, 3 1 0, S_0x17ef0a0;
 .timescale 0 0;
    .port_info 0 /OUTPUT 1 "q"
    .port_info 1 /INPUT 1 "d"
    .port_info 2 /INPUT 1 "clk"
    .port_info 3 /INPUT 1 "enable"
v0x17e3620_0 .net "clk", 0 0, v0x1830e70_0;  alias, 1 drivers
v0x182a720_0 .net "d", 0 0, L_0x183a030;  1 drivers
v0x182a7e0_0 .net "enable", 0 0, v0x1837290_0;  alias, 1 drivers
v0x182a8b0_0 .var "q", 0 0;
E_0x17efb70 .event posedge, v0x17e3620_0;
S_0x182aa20 .scope module, "myFF[1]" "ff" 3 90, 3 1 0, S_0x17ef0a0;
 .timescale 0 0;
    .port_info 0 /OUTPUT 1 "q"
    .port_info 1 /INPUT 1 "d"
    .port_info 2 /INPUT 1 "clk"
    .port_info 3 /INPUT 1 "enable"
v0x182aca0_0 .net "clk", 0 0, v0x1830e70_0;  alias, 1 drivers
v0x182ad70_0 .net "d", 0 0, L_0x183a150;  1 drivers
v0x182ae10_0 .net "enable", 0 0, v0x1837290_0;  alias, 1 drivers
v0x182af10_0 .var "q", 0 0;
S_0x182b040 .scope module, "myFF[2]" "ff" 3 90, 3 1 0, S_0x17ef0a0;
 .timescale 0 0;
    .port_info 0 /OUTPUT 1 "q"
    .port_info 1 /INPUT 1 "d"
    .port_info 2 /INPUT 1 "clk"
    .port_info 3 /INPUT 1 "enable"
v0x182b2f0_0 .net "clk", 0 0, v0x1830e70_0;  alias, 1 drivers
v0x182b3e0_0 .net "d", 0 0, L_0x183a1f0;  1 drivers
v0x182b480_0 .net "enable", 0 0, v0x1837290_0;  alias, 1 drivers
v0x182b570_0 .var "q", 0 0;
S_0x182b690 .scope module, "myFF[3]" "ff" 3 90, 3 1 0, S_0x17ef0a0;
 .timescale 0 0;
    .port_info 0 /OUTPUT 1 "q"
    .port_info 1 /INPUT 1 "d"
    .port_info 2 /INPUT 1 "clk"
    .port_info 3 /INPUT 1 "enable"
v0x182b910_0 .net "clk", 0 0, v0x1830e70_0;  alias, 1 drivers
v0x182b9b0_0 .net "d", 0 0, L_0x183a380;  1 drivers
v0x182ba70_0 .net "enable", 0 0, v0x1837290_0;  alias, 1 drivers
v0x182bb40_0 .var "q", 0 0;
S_0x182bc90 .scope module, "myFF[4]" "ff" 3 90, 3 1 0, S_0x17ef0a0;
 .timescale 0 0;
    .port_info 0 /OUTPUT 1 "q"
    .port_info 1 /INPUT 1 "d"
    .port_info 2 /INPUT 1 "clk"
    .port_info 3 /INPUT 1 "enable"
v0x182bf60_0 .net "clk", 0 0, v0x1830e70_0;  alias, 1 drivers
v0x182c090_0 .net "d", 0 0, L_0x183a450;  1 drivers
v0x182c150_0 .net "enable", 0 0, v0x1837290_0;  alias, 1 drivers
v0x182c280_0 .var "q", 0 0;
S_0x182c3d0 .scope module, "myFF[5]" "ff" 3 90, 3 1 0, S_0x17ef0a0;
 .timescale 0 0;
    .port_info 0 /OUTPUT 1 "q"
    .port_info 1 /INPUT 1 "d"
    .port_info 2 /INPUT 1 "clk"
    .port_info 3 /INPUT 1 "enable"
v0x182c600_0 .net "clk", 0 0, v0x1830e70_0;  alias, 1 drivers
v0x182c6a0_0 .net "d", 0 0, L_0x183a520;  1 drivers
v0x182c760_0 .net "enable", 0 0, v0x1837290_0;  alias, 1 drivers
v0x182c830_0 .var "q", 0 0;
S_0x182c980 .scope module, "myFF[6]" "ff" 3 90, 3 1 0, S_0x17ef0a0;
 .timescale 0 0;
    .port_info 0 /OUTPUT 1 "q"
    .port_info 1 /INPUT 1 "d"
    .port_info 2 /INPUT 1 "clk"
    .port_info 3 /INPUT 1 "enable"
v0x182cbb0_0 .net "clk", 0 0, v0x1830e70_0;  alias, 1 drivers
v0x182cc50_0 .net "d", 0 0, L_0x183a5c0;  1 drivers
v0x182cd10_0 .net "enable", 0 0, v0x1837290_0;  alias, 1 drivers
v0x182cde0_0 .var "q", 0 0;
S_0x182cf30 .scope module, "myFF[7]" "ff" 3 90, 3 1 0, S_0x17ef0a0;
 .timescale 0 0;
    .port_info 0 /OUTPUT 1 "q"
    .port_info 1 /INPUT 1 "d"
    .port_info 2 /INPUT 1 "clk"
    .port_info 3 /INPUT 1 "enable"
v0x182d1b0_0 .net "clk", 0 0, v0x1830e70_0;  alias, 1 drivers
v0x182d250_0 .net "d", 0 0, L_0x183a7a0;  1 drivers
v0x182d310_0 .net "enable", 0 0, v0x1837290_0;  alias, 1 drivers
v0x182d3e0_0 .var "q", 0 0;
S_0x182d530 .scope module, "myFF[8]" "ff" 3 90, 3 1 0, S_0x17ef0a0;
 .timescale 0 0;
    .port_info 0 /OUTPUT 1 "q"
    .port_info 1 /INPUT 1 "d"
    .port_info 2 /INPUT 1 "clk"
    .port_info 3 /INPUT 1 "enable"
v0x182d840_0 .net "clk", 0 0, v0x1830e70_0;  alias, 1 drivers
v0x182d9f0_0 .net "d", 0 0, L_0x183a840;  1 drivers
v0x182da90_0 .net "enable", 0 0, v0x1837290_0;  alias, 1 drivers
v0x182dc40_0 .var "q", 0 0;
S_0x182dce0 .scope module, "myFF[9]" "ff" 3 90, 3 1 0, S_0x17ef0a0;
 .timescale 0 0;
    .port_info 0 /OUTPUT 1 "q"
    .port_info 1 /INPUT 1 "d"
    .port_info 2 /INPUT 1 "clk"
    .port_info 3 /INPUT 1 "enable"
v0x182df10_0 .net "clk", 0 0, v0x1830e70_0;  alias, 1 drivers
v0x182dfb0_0 .net "d", 0 0, L_0x183a8e0;  1 drivers
v0x182e070_0 .net "enable", 0 0, v0x1837290_0;  alias, 1 drivers
v0x182e140_0 .var "q", 0 0;
S_0x182e290 .scope module, "myFF[10]" "ff" 3 90, 3 1 0, S_0x17ef0a0;
 .timescale 0 0;
    .port_info 0 /OUTPUT 1 "q"
    .port_info 1 /INPUT 1 "d"
    .port_info 2 /INPUT 1 "clk"
    .port_info 3 /INPUT 1 "enable"
v0x182e510_0 .net "clk", 0 0, v0x1830e70_0;  alias, 1 drivers
v0x182e5b0_0 .net "d", 0 0, L_0x183a980;  1 drivers
v0x182e670_0 .net "enable", 0 0, v0x1837290_0;  alias, 1 drivers
v0x182e740_0 .var "q", 0 0;
S_0x182e890 .scope module, "myFF[11]" "ff" 3 90, 3 1 0, S_0x17ef0a0;
 .timescale 0 0;
    .port_info 0 /OUTPUT 1 "q"
    .port_info 1 /INPUT 1 "d"
    .port_info 2 /INPUT 1 "clk"
    .port_info 3 /INPUT 1 "enable"
v0x182eb10_0 .net "clk", 0 0, v0x1830e70_0;  alias, 1 drivers
v0x182ebb0_0 .net "d", 0 0, L_0x183aac0;  1 drivers
v0x182ec70_0 .net "enable", 0 0, v0x1837290_0;  alias, 1 drivers
v0x182ed40_0 .var "q", 0 0;
S_0x182ee90 .scope module, "myFF[12]" "ff" 3 90, 3 1 0, S_0x17ef0a0;
 .timescale 0 0;
    .port_info 0 /OUTPUT 1 "q"
    .port_info 1 /INPUT 1 "d"
    .port_info 2 /INPUT 1 "clk"
    .port_info 3 /INPUT 1 "enable"
v0x182f110_0 .net "clk", 0 0, v0x1830e70_0;  alias, 1 drivers
v0x182f1b0_0 .net "d", 0 0, L_0x183ab90;  1 drivers
v0x182f270_0 .net "enable", 0 0, v0x1837290_0;  alias, 1 drivers
v0x182f340_0 .var "q", 0 0;
S_0x182f490 .scope module, "myFF[13]" "ff" 3 90, 3 1 0, S_0x17ef0a0;
 .timescale 0 0;
    .port_info 0 /OUTPUT 1 "q"
    .port_info 1 /INPUT 1 "d"
    .port_info 2 /INPUT 1 "clk"
    .port_info 3 /INPUT 1 "enable"
v0x182f710_0 .net "clk", 0 0, v0x1830e70_0;  alias, 1 drivers
v0x182f7b0_0 .net "d", 0 0, L_0x183ace0;  1 drivers
v0x182f870_0 .net "enable", 0 0, v0x1837290_0;  alias, 1 drivers
v0x182f940_0 .var "q", 0 0;
S_0x182fa90 .scope module, "myFF[14]" "ff" 3 90, 3 1 0, S_0x17ef0a0;
 .timescale 0 0;
    .port_info 0 /OUTPUT 1 "q"
    .port_info 1 /INPUT 1 "d"
    .port_info 2 /INPUT 1 "clk"
    .port_info 3 /INPUT 1 "enable"
v0x182fd10_0 .net "clk", 0 0, v0x1830e70_0;  alias, 1 drivers
v0x182fdb0_0 .net "d", 0 0, L_0x183adb0;  1 drivers
v0x182fe70_0 .net "enable", 0 0, v0x1837290_0;  alias, 1 drivers
v0x182ff40_0 .var "q", 0 0;
S_0x1830090 .scope module, "myFF[15]" "ff" 3 90, 3 1 0, S_0x17ef0a0;
 .timescale 0 0;
    .port_info 0 /OUTPUT 1 "q"
    .port_info 1 /INPUT 1 "d"
    .port_info 2 /INPUT 1 "clk"
    .port_info 3 /INPUT 1 "enable"
v0x1830310_0 .net "clk", 0 0, v0x1830e70_0;  alias, 1 drivers
v0x18303b0_0 .net "d", 0 0, L_0x183b090;  1 drivers
v0x1830470_0 .net "enable", 0 0, v0x1837290_0;  alias, 1 drivers
v0x1830540_0 .var "q", 0 0;
S_0x1830690 .scope module, "myFF[16]" "ff" 3 90, 3 1 0, S_0x17ef0a0;
 .timescale 0 0;
    .port_info 0 /OUTPUT 1 "q"
    .port_info 1 /INPUT 1 "d"
    .port_info 2 /INPUT 1 "clk"
    .port_info 3 /INPUT 1 "enable"
v0x18309b0_0 .net "clk", 0 0, v0x1830e70_0;  alias, 1 drivers
v0x182d8e0_0 .net "d", 0 0, L_0x183b130;  1 drivers
v0x1830c60_0 .net "enable", 0 0, v0x1837290_0;  alias, 1 drivers
v0x182db30_0 .var "q", 0 0;
S_0x1830f10 .scope module, "myFF[17]" "ff" 3 90, 3 1 0, S_0x17ef0a0;
 .timescale 0 0;
    .port_info 0 /OUTPUT 1 "q"
    .port_info 1 /INPUT 1 "d"
    .port_info 2 /INPUT 1 "clk"
    .port_info 3 /INPUT 1 "enable"
v0x1831190_0 .net "clk", 0 0, v0x1830e70_0;  alias, 1 drivers
v0x1831230_0 .net "d", 0 0, L_0x183b270;  1 drivers
v0x18312f0_0 .net "enable", 0 0, v0x1837290_0;  alias, 1 drivers
v0x18313c0_0 .var "q", 0 0;
S_0x1831510 .scope module, "myFF[18]" "ff" 3 90, 3 1 0, S_0x17ef0a0;
 .timescale 0 0;
    .port_info 0 /OUTPUT 1 "q"
    .port_info 1 /INPUT 1 "d"
    .port_info 2 /INPUT 1 "clk"
    .port_info 3 /INPUT 1 "enable"
v0x1831790_0 .net "clk", 0 0, v0x1830e70_0;  alias, 1 drivers
v0x1831830_0 .net "d", 0 0, L_0x183b310;  1 drivers
v0x18318f0_0 .net "enable", 0 0, v0x1837290_0;  alias, 1 drivers
v0x18319c0_0 .var "q", 0 0;
S_0x1831b10 .scope module, "myFF[19]" "ff" 3 90, 3 1 0, S_0x17ef0a0;
 .timescale 0 0;
    .port_info 0 /OUTPUT 1 "q"
    .port_info 1 /INPUT 1 "d"
    .port_info 2 /INPUT 1 "clk"
    .port_info 3 /INPUT 1 "enable"
v0x1831d90_0 .net "clk", 0 0, v0x1830e70_0;  alias, 1 drivers
v0x1831e30_0 .net "d", 0 0, L_0x183b1d0;  1 drivers
v0x1831ef0_0 .net "enable", 0 0, v0x1837290_0;  alias, 1 drivers
v0x1831fc0_0 .var "q", 0 0;
S_0x1832110 .scope module, "myFF[20]" "ff" 3 90, 3 1 0, S_0x17ef0a0;
 .timescale 0 0;
    .port_info 0 /OUTPUT 1 "q"
    .port_info 1 /INPUT 1 "d"
    .port_info 2 /INPUT 1 "clk"
    .port_info 3 /INPUT 1 "enable"
v0x1832390_0 .net "clk", 0 0, v0x1830e70_0;  alias, 1 drivers
v0x1832430_0 .net "d", 0 0, L_0x183b460;  1 drivers
v0x18324f0_0 .net "enable", 0 0, v0x1837290_0;  alias, 1 drivers
v0x18325c0_0 .var "q", 0 0;
S_0x1832710 .scope module, "myFF[21]" "ff" 3 90, 3 1 0, S_0x17ef0a0;
 .timescale 0 0;
    .port_info 0 /OUTPUT 1 "q"
    .port_info 1 /INPUT 1 "d"
    .port_info 2 /INPUT 1 "clk"
    .port_info 3 /INPUT 1 "enable"
v0x1832990_0 .net "clk", 0 0, v0x1830e70_0;  alias, 1 drivers
v0x1832a30_0 .net "d", 0 0, L_0x183b3b0;  1 drivers
v0x1832af0_0 .net "enable", 0 0, v0x1837290_0;  alias, 1 drivers
v0x1832bc0_0 .var "q", 0 0;
S_0x1832d10 .scope module, "myFF[22]" "ff" 3 90, 3 1 0, S_0x17ef0a0;
 .timescale 0 0;
    .port_info 0 /OUTPUT 1 "q"
    .port_info 1 /INPUT 1 "d"
    .port_info 2 /INPUT 1 "clk"
    .port_info 3 /INPUT 1 "enable"
v0x1832f90_0 .net "clk", 0 0, v0x1830e70_0;  alias, 1 drivers
v0x1833030_0 .net "d", 0 0, L_0x183b620;  1 drivers
v0x18330f0_0 .net "enable", 0 0, v0x1837290_0;  alias, 1 drivers
v0x18331c0_0 .var "q", 0 0;
S_0x1833310 .scope module, "myFF[23]" "ff" 3 90, 3 1 0, S_0x17ef0a0;
 .timescale 0 0;
    .port_info 0 /OUTPUT 1 "q"
    .port_info 1 /INPUT 1 "d"
    .port_info 2 /INPUT 1 "clk"
    .port_info 3 /INPUT 1 "enable"
v0x1833590_0 .net "clk", 0 0, v0x1830e70_0;  alias, 1 drivers
v0x1833630_0 .net "d", 0 0, L_0x183b530;  1 drivers
v0x18336f0_0 .net "enable", 0 0, v0x1837290_0;  alias, 1 drivers
v0x18337c0_0 .var "q", 0 0;
S_0x1833910 .scope module, "myFF[24]" "ff" 3 90, 3 1 0, S_0x17ef0a0;
 .timescale 0 0;
    .port_info 0 /OUTPUT 1 "q"
    .port_info 1 /INPUT 1 "d"
    .port_info 2 /INPUT 1 "clk"
    .port_info 3 /INPUT 1 "enable"
v0x1833b90_0 .net "clk", 0 0, v0x1830e70_0;  alias, 1 drivers
v0x1833c30_0 .net "d", 0 0, L_0x183b7f0;  1 drivers
v0x1833cf0_0 .net "enable", 0 0, v0x1837290_0;  alias, 1 drivers
v0x1833dc0_0 .var "q", 0 0;
S_0x1833f10 .scope module, "myFF[25]" "ff" 3 90, 3 1 0, S_0x17ef0a0;
 .timescale 0 0;
    .port_info 0 /OUTPUT 1 "q"
    .port_info 1 /INPUT 1 "d"
    .port_info 2 /INPUT 1 "clk"
    .port_info 3 /INPUT 1 "enable"
v0x1834190_0 .net "clk", 0 0, v0x1830e70_0;  alias, 1 drivers
v0x1834230_0 .net "d", 0 0, L_0x183b6f0;  1 drivers
v0x18342f0_0 .net "enable", 0 0, v0x1837290_0;  alias, 1 drivers
v0x18343c0_0 .var "q", 0 0;
S_0x1834510 .scope module, "myFF[26]" "ff" 3 90, 3 1 0, S_0x17ef0a0;
 .timescale 0 0;
    .port_info 0 /OUTPUT 1 "q"
    .port_info 1 /INPUT 1 "d"
    .port_info 2 /INPUT 1 "clk"
    .port_info 3 /INPUT 1 "enable"
v0x1834790_0 .net "clk", 0 0, v0x1830e70_0;  alias, 1 drivers
v0x1834830_0 .net "d", 0 0, L_0x183b9a0;  1 drivers
v0x18348f0_0 .net "enable", 0 0, v0x1837290_0;  alias, 1 drivers
v0x18349c0_0 .var "q", 0 0;
S_0x1834b10 .scope module, "myFF[27]" "ff" 3 90, 3 1 0, S_0x17ef0a0;
 .timescale 0 0;
    .port_info 0 /OUTPUT 1 "q"
    .port_info 1 /INPUT 1 "d"
    .port_info 2 /INPUT 1 "clk"
    .port_info 3 /INPUT 1 "enable"
v0x1834d90_0 .net "clk", 0 0, v0x1830e70_0;  alias, 1 drivers
v0x1834e30_0 .net "d", 0 0, L_0x183b8c0;  1 drivers
v0x1834ef0_0 .net "enable", 0 0, v0x1837290_0;  alias, 1 drivers
v0x1834fc0_0 .var "q", 0 0;
S_0x1835110 .scope module, "myFF[28]" "ff" 3 90, 3 1 0, S_0x17ef0a0;
 .timescale 0 0;
    .port_info 0 /OUTPUT 1 "q"
    .port_info 1 /INPUT 1 "d"
    .port_info 2 /INPUT 1 "clk"
    .port_info 3 /INPUT 1 "enable"
v0x1835390_0 .net "clk", 0 0, v0x1830e70_0;  alias, 1 drivers
v0x1835430_0 .net "d", 0 0, L_0x183bb60;  1 drivers
v0x18354f0_0 .net "enable", 0 0, v0x1837290_0;  alias, 1 drivers
v0x18355c0_0 .var "q", 0 0;
S_0x1835710 .scope module, "myFF[29]" "ff" 3 90, 3 1 0, S_0x17ef0a0;
 .timescale 0 0;
    .port_info 0 /OUTPUT 1 "q"
    .port_info 1 /INPUT 1 "d"
    .port_info 2 /INPUT 1 "clk"
    .port_info 3 /INPUT 1 "enable"
v0x1835990_0 .net "clk", 0 0, v0x1830e70_0;  alias, 1 drivers
v0x1835a30_0 .net "d", 0 0, L_0x183ba70;  1 drivers
v0x1835af0_0 .net "enable", 0 0, v0x1837290_0;  alias, 1 drivers
v0x1835bc0_0 .var "q", 0 0;
S_0x1835d10 .scope module, "myFF[30]" "ff" 3 90, 3 1 0, S_0x17ef0a0;
 .timescale 0 0;
    .port_info 0 /OUTPUT 1 "q"
    .port_info 1 /INPUT 1 "d"
    .port_info 2 /INPUT 1 "clk"
    .port_info 3 /INPUT 1 "enable"
v0x1835f90_0 .net "clk", 0 0, v0x1830e70_0;  alias, 1 drivers
v0x1836030_0 .net "d", 0 0, L_0x183bd30;  1 drivers
v0x18360f0_0 .net "enable", 0 0, v0x1837290_0;  alias, 1 drivers
v0x18361c0_0 .var "q", 0 0;
S_0x1836310 .scope module, "myFF[31]" "ff" 3 90, 3 1 0, S_0x17ef0a0;
 .timescale 0 0;
    .port_info 0 /OUTPUT 1 "q"
    .port_info 1 /INPUT 1 "d"
    .port_info 2 /INPUT 1 "clk"
    .port_info 3 /INPUT 1 "enable"
v0x1836590_0 .net "clk", 0 0, v0x1830e70_0;  alias, 1 drivers
v0x1836630_0 .net "d", 0 0, L_0x183af90;  1 drivers
v0x18366f0_0 .net "enable", 0 0, v0x1837290_0;  alias, 1 drivers
v0x18367c0_0 .var "q", 0 0;
S_0x17e9280 .scope module, "mem" "mem" 3 14;
 .timescale 0 0;
    .port_info 0 /OUTPUT 32 "memOut"
    .port_info 1 /INPUT 32 "address"
    .port_info 2 /INPUT 32 "memIn"
    .port_info 3 /INPUT 1 "clk"
    .port_info 4 /INPUT 1 "read"
    .port_info 5 /INPUT 1 "write"
P_0x17e9400 .param/l "CAPACITY" 0 3 22, C4<1111111111111111>;
P_0x17e9440 .param/l "DEBUG" 0 3 20, +C4<00000000000000000000000000000000>;
v0x1837550_0 .net *"_s3", 31 0, L_0x183bc30;  1 drivers
o0x7f86a6b055f8 .functor BUFZ 32, C4<zzzzzzzzzzzzzzzzzzzzzzzzzzzzzzzz>; HiZ drive
v0x1837650_0 .net "address", 31 0, o0x7f86a6b055f8;  0 drivers
v0x1837730 .array "arr", 65535 0, 31 0;
o0x7f86a6b05628 .functor BUFZ 1, C4<z>; HiZ drive
v0x1837800_0 .net "clk", 0 0, o0x7f86a6b05628;  0 drivers
v0x18378c0_0 .var "fresh", 0 0;
o0x7f86a6b05688 .functor BUFZ 32, C4<zzzzzzzzzzzzzzzzzzzzzzzzzzzzzzzz>; HiZ drive
v0x18379d0_0 .net "memIn", 31 0, o0x7f86a6b05688;  0 drivers
v0x1837ab0_0 .var "memOut", 31 0;
o0x7f86a6b056e8 .functor BUFZ 1, C4<z>; HiZ drive
v0x1837b90_0 .net "read", 0 0, o0x7f86a6b056e8;  0 drivers
o0x7f86a6b05718 .functor BUFZ 1, C4<z>; HiZ drive
v0x1837c50_0 .net "write", 0 0, o0x7f86a6b05718;  0 drivers
E_0x17effb0 .event posedge, v0x1837800_0;
E_0x18374f0 .event edge, L_0x183bc30, v0x1837650_0, v0x1837b90_0;
L_0x183bc30 .array/port v0x1837730, o0x7f86a6b055f8;
S_0x17ea770 .scope module, "rf" "rf" 3 94;
 .timescale 0 0;
    .port_info 0 /OUTPUT 32 "RD1"
    .port_info 1 /OUTPUT 32 "RD2"
    .port_info 2 /INPUT 5 "RN1"
    .port_info 3 /INPUT 5 "RN2"
    .port_info 4 /INPUT 5 "WN"
    .port_info 5 /INPUT 32 "WD"
    .port_info 6 /INPUT 1 "clk"
    .port_info 7 /INPUT 1 "W"
P_0x17ea8f0 .param/l "DEBUG" 0 3 99, +C4<00000000000000000000000000000000>;
v0x1837fa0_0 .var "RD1", 31 0;
v0x18380a0_0 .var "RD2", 31 0;
o0x7f86a6b058c8 .functor BUFZ 5, C4<zzzzz>; HiZ drive
v0x1838180_0 .net "RN1", 4 0, o0x7f86a6b058c8;  0 drivers
o0x7f86a6b058f8 .functor BUFZ 5, C4<zzzzz>; HiZ drive
v0x1838240_0 .net "RN2", 4 0, o0x7f86a6b058f8;  0 drivers
o0x7f86a6b05928 .functor BUFZ 1, C4<z>; HiZ drive
v0x1838320_0 .net "W", 0 0, o0x7f86a6b05928;  0 drivers
o0x7f86a6b05958 .functor BUFZ 32, C4<zzzzzzzzzzzzzzzzzzzzzzzzzzzzzzzz>; HiZ drive
v0x18383e0_0 .net "WD", 31 0, o0x7f86a6b05958;  0 drivers
o0x7f86a6b05988 .functor BUFZ 5, C4<zzzzz>; HiZ drive
v0x18384c0_0 .net "WN", 4 0, o0x7f86a6b05988;  0 drivers
v0x18385a0_0 .net *"_s10", 6 0, L_0x183c350;  1 drivers
v0x1838680_0 .net *"_s15", 31 0, L_0x183c580;  1 drivers
v0x18387f0_0 .net *"_s17", 6 0, L_0x183c620;  1 drivers
v0x18388d0_0 .net *"_s2", 31 0, L_0x183c210;  1 drivers
L_0x7f86a6ab20a8 .functor BUFT 1, C4<00>, C4<0>, C4<0>, C4<0>;
v0x18389b0_0 .net *"_s20", 1 0, L_0x7f86a6ab20a8;  1 drivers
L_0x7f86a6ab20f0 .functor BUFT 1, C4<0000001>, C4<0>, C4<0>, C4<0>;
v0x1838a90_0 .net/2s *"_s21", 6 0, L_0x7f86a6ab20f0;  1 drivers
v0x1838b70_0 .net *"_s23", 6 0, L_0x183c740;  1 drivers
v0x1838c50_0 .net *"_s4", 6 0, L_0x183c2b0;  1 drivers
L_0x7f86a6ab2018 .functor BUFT 1, C4<00>, C4<0>, C4<0>, C4<0>;
v0x1838d30_0 .net *"_s7", 1 0, L_0x7f86a6ab2018;  1 drivers
L_0x7f86a6ab2060 .functor BUFT 1, C4<0000001>, C4<0>, C4<0>, C4<0>;
v0x1838e10_0 .net/2s *"_s8", 6 0, L_0x7f86a6ab2060;  1 drivers
v0x1838fc0 .array "arr", 31 1, 31 0;
o0x7f86a6b05b98 .functor BUFZ 1, C4<z>; HiZ drive
v0x1839060_0 .net "clk", 0 0, o0x7f86a6b05b98;  0 drivers
E_0x17efdb0 .event posedge, v0x1839060_0;
E_0x1837ee0 .event edge, L_0x183c580, v0x1838240_0;
E_0x1837f40 .event edge, L_0x183c210, v0x1838180_0;
L_0x183c210 .array/port v0x1838fc0, L_0x183c350;
L_0x183c2b0 .concat [ 5 2 0 0], o0x7f86a6b058c8, L_0x7f86a6ab2018;
L_0x183c350 .arith/sub 7, L_0x183c2b0, L_0x7f86a6ab2060;
L_0x183c580 .array/port v0x1838fc0, L_0x183c740;
L_0x183c620 .concat [ 5 2 0 0], o0x7f86a6b058f8, L_0x7f86a6ab20a8;
L_0x183c740 .arith/sub 7, L_0x183c620, L_0x7f86a6ab20f0;
S_0x17ea990 .scope module, "sk" "sk" 3 137;
 .timescale 0 0;
    .port_info 0 /OUTPUT 1 "upper"
    .port_info 1 /OUTPUT 1 "lower"
    .port_info 2 /INPUT 1 "a"
    .port_info 3 /INPUT 1 "b"
    .port_info 4 /INPUT 1 "c"
    .port_info 5 /INPUT 1 "d"
o0x7f86a6b05d48 .functor BUFZ 1, C4<z>; HiZ drive
o0x7f86a6b05d78 .functor BUFZ 1, C4<z>; HiZ drive
o0x7f86a6b05da8 .functor BUFZ 1, C4<z>; HiZ drive
o0x7f86a6b05dd8 .functor BUFZ 1, C4<z>; HiZ drive
L_0x183c420 .functor OR 1, o0x7f86a6b05d48, o0x7f86a6b05d78, o0x7f86a6b05da8, o0x7f86a6b05dd8;
L_0x183c9a0 .functor NOT 1, o0x7f86a6b05da8, C4<0>, C4<0>, C4<0>;
L_0x183ca60 .functor XOR 1, o0x7f86a6b05d48, o0x7f86a6b05d78, L_0x183c9a0, o0x7f86a6b05dd8;
v0x1839200_0 .net "a", 0 0, o0x7f86a6b05d48;  0 drivers
v0x18392e0_0 .net "b", 0 0, o0x7f86a6b05d78;  0 drivers
v0x18393a0_0 .net "c", 0 0, o0x7f86a6b05da8;  0 drivers
v0x1839440_0 .net "d", 0 0, o0x7f86a6b05dd8;  0 drivers
v0x1839500_0 .net "lower", 0 0, L_0x183ca60;  1 drivers
v0x1839610_0 .net "notC", 0 0, L_0x183c9a0;  1 drivers
v0x18396d0_0 .net "upper", 0 0, L_0x183c420;  1 drivers
    .scope S_0x17e3420;
T_0 ;
    %wait E_0x17efb70;
    %load/vec4 v0x182a7e0_0;
    %flag_set/vec4 8;
    %jmp/0xz  T_0.0, 8;
    %load/vec4 v0x182a720_0;
    %assign/vec4 v0x182a8b0_0, 0;
T_0.0 ;
    %jmp T_0;
    .thread T_0;
    .scope S_0x182aa20;
T_1 ;
    %wait E_0x17efb70;
    %load/vec4 v0x182ae10_0;
    %flag_set/vec4 8;
    %jmp/0xz  T_1.0, 8;
    %load/vec4 v0x182ad70_0;
    %assign/vec4 v0x182af10_0, 0;
T_1.0 ;
    %jmp T_1;
    .thread T_1;
    .scope S_0x182b040;
T_2 ;
    %wait E_0x17efb70;
    %load/vec4 v0x182b480_0;
    %flag_set/vec4 8;
    %jmp/0xz  T_2.0, 8;
    %load/vec4 v0x182b3e0_0;
    %assign/vec4 v0x182b570_0, 0;
T_2.0 ;
    %jmp T_2;
    .thread T_2;
    .scope S_0x182b690;
T_3 ;
    %wait E_0x17efb70;
    %load/vec4 v0x182ba70_0;
    %flag_set/vec4 8;
    %jmp/0xz  T_3.0, 8;
    %load/vec4 v0x182b9b0_0;
    %assign/vec4 v0x182bb40_0, 0;
T_3.0 ;
    %jmp T_3;
    .thread T_3;
    .scope S_0x182bc90;
T_4 ;
    %wait E_0x17efb70;
    %load/vec4 v0x182c150_0;
    %flag_set/vec4 8;
    %jmp/0xz  T_4.0, 8;
    %load/vec4 v0x182c090_0;
    %assign/vec4 v0x182c280_0, 0;
T_4.0 ;
    %jmp T_4;
    .thread T_4;
    .scope S_0x182c3d0;
T_5 ;
    %wait E_0x17efb70;
    %load/vec4 v0x182c760_0;
    %flag_set/vec4 8;
    %jmp/0xz  T_5.0, 8;
    %load/vec4 v0x182c6a0_0;
    %assign/vec4 v0x182c830_0, 0;
T_5.0 ;
    %jmp T_5;
    .thread T_5;
    .scope S_0x182c980;
T_6 ;
    %wait E_0x17efb70;
    %load/vec4 v0x182cd10_0;
    %flag_set/vec4 8;
    %jmp/0xz  T_6.0, 8;
    %load/vec4 v0x182cc50_0;
    %assign/vec4 v0x182cde0_0, 0;
T_6.0 ;
    %jmp T_6;
    .thread T_6;
    .scope S_0x182cf30;
T_7 ;
    %wait E_0x17efb70;
    %load/vec4 v0x182d310_0;
    %flag_set/vec4 8;
    %jmp/0xz  T_7.0, 8;
    %load/vec4 v0x182d250_0;
    %assign/vec4 v0x182d3e0_0, 0;
T_7.0 ;
    %jmp T_7;
    .thread T_7;
    .scope S_0x182d530;
T_8 ;
    %wait E_0x17efb70;
    %load/vec4 v0x182da90_0;
    %flag_set/vec4 8;
    %jmp/0xz  T_8.0, 8;
    %load/vec4 v0x182d9f0_0;
    %assign/vec4 v0x182dc40_0, 0;
T_8.0 ;
    %jmp T_8;
    .thread T_8;
    .scope S_0x182dce0;
T_9 ;
    %wait E_0x17efb70;
    %load/vec4 v0x182e070_0;
    %flag_set/vec4 8;
    %jmp/0xz  T_9.0, 8;
    %load/vec4 v0x182dfb0_0;
    %assign/vec4 v0x182e140_0, 0;
T_9.0 ;
    %jmp T_9;
    .thread T_9;
    .scope S_0x182e290;
T_10 ;
    %wait E_0x17efb70;
    %load/vec4 v0x182e670_0;
    %flag_set/vec4 8;
    %jmp/0xz  T_10.0, 8;
    %load/vec4 v0x182e5b0_0;
    %assign/vec4 v0x182e740_0, 0;
T_10.0 ;
    %jmp T_10;
    .thread T_10;
    .scope S_0x182e890;
T_11 ;
    %wait E_0x17efb70;
    %load/vec4 v0x182ec70_0;
    %flag_set/vec4 8;
    %jmp/0xz  T_11.0, 8;
    %load/vec4 v0x182ebb0_0;
    %assign/vec4 v0x182ed40_0, 0;
T_11.0 ;
    %jmp T_11;
    .thread T_11;
    .scope S_0x182ee90;
T_12 ;
    %wait E_0x17efb70;
    %load/vec4 v0x182f270_0;
    %flag_set/vec4 8;
    %jmp/0xz  T_12.0, 8;
    %load/vec4 v0x182f1b0_0;
    %assign/vec4 v0x182f340_0, 0;
T_12.0 ;
    %jmp T_12;
    .thread T_12;
    .scope S_0x182f490;
T_13 ;
    %wait E_0x17efb70;
    %load/vec4 v0x182f870_0;
    %flag_set/vec4 8;
    %jmp/0xz  T_13.0, 8;
    %load/vec4 v0x182f7b0_0;
    %assign/vec4 v0x182f940_0, 0;
T_13.0 ;
    %jmp T_13;
    .thread T_13;
    .scope S_0x182fa90;
T_14 ;
    %wait E_0x17efb70;
    %load/vec4 v0x182fe70_0;
    %flag_set/vec4 8;
    %jmp/0xz  T_14.0, 8;
    %load/vec4 v0x182fdb0_0;
    %assign/vec4 v0x182ff40_0, 0;
T_14.0 ;
    %jmp T_14;
    .thread T_14;
    .scope S_0x1830090;
T_15 ;
    %wait E_0x17efb70;
    %load/vec4 v0x1830470_0;
    %flag_set/vec4 8;
    %jmp/0xz  T_15.0, 8;
    %load/vec4 v0x18303b0_0;
    %assign/vec4 v0x1830540_0, 0;
T_15.0 ;
    %jmp T_15;
    .thread T_15;
    .scope S_0x1830690;
T_16 ;
    %wait E_0x17efb70;
    %load/vec4 v0x1830c60_0;
    %flag_set/vec4 8;
    %jmp/0xz  T_16.0, 8;
    %load/vec4 v0x182d8e0_0;
    %assign/vec4 v0x182db30_0, 0;
T_16.0 ;
    %jmp T_16;
    .thread T_16;
    .scope S_0x1830f10;
T_17 ;
    %wait E_0x17efb70;
    %load/vec4 v0x18312f0_0;
    %flag_set/vec4 8;
    %jmp/0xz  T_17.0, 8;
    %load/vec4 v0x1831230_0;
    %assign/vec4 v0x18313c0_0, 0;
T_17.0 ;
    %jmp T_17;
    .thread T_17;
    .scope S_0x1831510;
T_18 ;
    %wait E_0x17efb70;
    %load/vec4 v0x18318f0_0;
    %flag_set/vec4 8;
    %jmp/0xz  T_18.0, 8;
    %load/vec4 v0x1831830_0;
    %assign/vec4 v0x18319c0_0, 0;
T_18.0 ;
    %jmp T_18;
    .thread T_18;
    .scope S_0x1831b10;
T_19 ;
    %wait E_0x17efb70;
    %load/vec4 v0x1831ef0_0;
    %flag_set/vec4 8;
    %jmp/0xz  T_19.0, 8;
    %load/vec4 v0x1831e30_0;
    %assign/vec4 v0x1831fc0_0, 0;
T_19.0 ;
    %jmp T_19;
    .thread T_19;
    .scope S_0x1832110;
T_20 ;
    %wait E_0x17efb70;
    %load/vec4 v0x18324f0_0;
    %flag_set/vec4 8;
    %jmp/0xz  T_20.0, 8;
    %load/vec4 v0x1832430_0;
    %assign/vec4 v0x18325c0_0, 0;
T_20.0 ;
    %jmp T_20;
    .thread T_20;
    .scope S_0x1832710;
T_21 ;
    %wait E_0x17efb70;
    %load/vec4 v0x1832af0_0;
    %flag_set/vec4 8;
    %jmp/0xz  T_21.0, 8;
    %load/vec4 v0x1832a30_0;
    %assign/vec4 v0x1832bc0_0, 0;
T_21.0 ;
    %jmp T_21;
    .thread T_21;
    .scope S_0x1832d10;
T_22 ;
    %wait E_0x17efb70;
    %load/vec4 v0x18330f0_0;
    %flag_set/vec4 8;
    %jmp/0xz  T_22.0, 8;
    %load/vec4 v0x1833030_0;
    %assign/vec4 v0x18331c0_0, 0;
T_22.0 ;
    %jmp T_22;
    .thread T_22;
    .scope S_0x1833310;
T_23 ;
    %wait E_0x17efb70;
    %load/vec4 v0x18336f0_0;
    %flag_set/vec4 8;
    %jmp/0xz  T_23.0, 8;
    %load/vec4 v0x1833630_0;
    %assign/vec4 v0x18337c0_0, 0;
T_23.0 ;
    %jmp T_23;
    .thread T_23;
    .scope S_0x1833910;
T_24 ;
    %wait E_0x17efb70;
    %load/vec4 v0x1833cf0_0;
    %flag_set/vec4 8;
    %jmp/0xz  T_24.0, 8;
    %load/vec4 v0x1833c30_0;
    %assign/vec4 v0x1833dc0_0, 0;
T_24.0 ;
    %jmp T_24;
    .thread T_24;
    .scope S_0x1833f10;
T_25 ;
    %wait E_0x17efb70;
    %load/vec4 v0x18342f0_0;
    %flag_set/vec4 8;
    %jmp/0xz  T_25.0, 8;
    %load/vec4 v0x1834230_0;
    %assign/vec4 v0x18343c0_0, 0;
T_25.0 ;
    %jmp T_25;
    .thread T_25;
    .scope S_0x1834510;
T_26 ;
    %wait E_0x17efb70;
    %load/vec4 v0x18348f0_0;
    %flag_set/vec4 8;
    %jmp/0xz  T_26.0, 8;
    %load/vec4 v0x1834830_0;
    %assign/vec4 v0x18349c0_0, 0;
T_26.0 ;
    %jmp T_26;
    .thread T_26;
    .scope S_0x1834b10;
T_27 ;
    %wait E_0x17efb70;
    %load/vec4 v0x1834ef0_0;
    %flag_set/vec4 8;
    %jmp/0xz  T_27.0, 8;
    %load/vec4 v0x1834e30_0;
    %assign/vec4 v0x1834fc0_0, 0;
T_27.0 ;
    %jmp T_27;
    .thread T_27;
    .scope S_0x1835110;
T_28 ;
    %wait E_0x17efb70;
    %load/vec4 v0x18354f0_0;
    %flag_set/vec4 8;
    %jmp/0xz  T_28.0, 8;
    %load/vec4 v0x1835430_0;
    %assign/vec4 v0x18355c0_0, 0;
T_28.0 ;
    %jmp T_28;
    .thread T_28;
    .scope S_0x1835710;
T_29 ;
    %wait E_0x17efb70;
    %load/vec4 v0x1835af0_0;
    %flag_set/vec4 8;
    %jmp/0xz  T_29.0, 8;
    %load/vec4 v0x1835a30_0;
    %assign/vec4 v0x1835bc0_0, 0;
T_29.0 ;
    %jmp T_29;
    .thread T_29;
    .scope S_0x1835d10;
T_30 ;
    %wait E_0x17efb70;
    %load/vec4 v0x18360f0_0;
    %flag_set/vec4 8;
    %jmp/0xz  T_30.0, 8;
    %load/vec4 v0x1836030_0;
    %assign/vec4 v0x18361c0_0, 0;
T_30.0 ;
    %jmp T_30;
    .thread T_30;
    .scope S_0x1836310;
T_31 ;
    %wait E_0x17efb70;
    %load/vec4 v0x18366f0_0;
    %flag_set/vec4 8;
    %jmp/0xz  T_31.0, 8;
    %load/vec4 v0x1836630_0;
    %assign/vec4 v0x18367c0_0, 0;
T_31.0 ;
    %jmp T_31;
    .thread T_31;
    .scope S_0x17e9100;
T_32 ;
    %vpi_func 2 10 "$value$plusargs" 32, "enable=%b", v0x1837290_0 {0 0 0};
    %pad/u 1;
    %store/vec4 v0x1837360_0, 0, 1;
    %pushi/vec4 15, 0, 32;
    %store/vec4 v0x18371f0_0, 0, 32;
    %pushi/vec4 0, 0, 1;
    %store/vec4 v0x1830e70_0, 0, 1;
    %delay 1, 0;
    %vpi_call 2 12 "$display", "clk=%b d=%d z=%d", v0x1830e70_0, v0x18371f0_0, v0x1837400_0 {0 0 0};
    %pushi/vec4 20, 0, 32;
    %store/vec4 v0x18371f0_0, 0, 32;
    %pushi/vec4 1, 0, 1;
    %store/vec4 v0x1830e70_0, 0, 1;
    %delay 1, 0;
    %vpi_call 2 14 "$display", "clk=%b d=%d z=%d", v0x1830e70_0, v0x18371f0_0, v0x1837400_0 {0 0 0};
    %pushi/vec4 25, 0, 32;
    %store/vec4 v0x18371f0_0, 0, 32;
    %pushi/vec4 0, 0, 1;
    %store/vec4 v0x1830e70_0, 0, 1;
    %delay 1, 0;
    %vpi_call 2 16 "$display", "clk=%b d=%d z=%d", v0x1830e70_0, v0x18371f0_0, v0x1837400_0 {0 0 0};
    %pushi/vec4 30, 0, 32;
    %store/vec4 v0x18371f0_0, 0, 32;
    %pushi/vec4 1, 0, 1;
    %store/vec4 v0x1830e70_0, 0, 1;
    %delay 1, 0;
    %vpi_call 2 18 "$display", "clk=%b d=%d z=%d", v0x1830e70_0, v0x18371f0_0, v0x1837400_0 {0 0 0};
    %vpi_call 2 19 "$finish" {0 0 0};
    %end;
    .thread T_32;
    .scope S_0x17e9280;
T_33 ;
    %pushi/vec4 1, 0, 1;
    %store/vec4 v0x18378c0_0, 0, 1;
    %end;
    .thread T_33;
    .scope S_0x17e9280;
T_34 ;
    %wait E_0x18374f0;
    %load/vec4 v0x18378c0_0;
    %pad/u 32;
    %cmpi/e 1, 0, 32;
    %jmp/0xz  T_34.0, 4;
    %pushi/vec4 0, 0, 1;
    %store/vec4 v0x18378c0_0, 0, 1;
    %vpi_call 3 35 "$readmemh", "ram.dat", v0x1837730 {0 0 0};
T_34.0 ;
    %load/vec4 v0x1837b90_0;
    %pad/u 32;
    %cmpi/e 1, 0, 32;
    %jmp/0xz  T_34.2, 4;
    %load/vec4 v0x1837650_0;
    %parti/s 2, 0, 2;
    %cmpi/ne 0, 0, 2;
    %jmp/0xz  T_34.4, 4;
    %pushi/vec4 4294967295, 4294967295, 32;
    %store/vec4 v0x1837ab0_0, 0, 32;
    %jmp T_34.5;
T_34.4 ;
    %pushi/vec4 65535, 0, 32;
    %load/vec4 v0x1837650_0;
    %cmp/u;
    %jmp/0xz  T_34.6, 5;
    %pushi/vec4 4294967295, 4294967295, 32;
    %store/vec4 v0x1837ab0_0, 0, 32;
    %jmp T_34.7;
T_34.6 ;
    %ix/getv 4, v0x1837650_0;
    %load/vec4a v0x1837730, 4;
    %store/vec4 v0x1837ab0_0, 0, 32;
T_34.7 ;
T_34.5 ;
T_34.2 ;
    %jmp T_34;
    .thread T_34, $push;
    .scope S_0x17e9280;
T_35 ;
    %wait E_0x17effb0;
    %load/vec4 v0x1837c50_0;
    %pad/u 32;
    %cmpi/e 1, 0, 32;
    %jmp/0xz  T_35.0, 4;
    %load/vec4 v0x1837650_0;
    %parti/s 2, 0, 2;
    %cmpi/ne 0, 0, 2;
    %jmp/0xz  T_35.2, 4;
    %jmp T_35.3;
T_35.2 ;
    %pushi/vec4 65535, 0, 32;
    %load/vec4 v0x1837650_0;
    %cmp/u;
    %jmp/0xz  T_35.4, 5;
    %vpi_call 3 67 "$display", "Address %d out of range %d", v0x1837650_0, P_0x17e9400 {0 0 0};
    %jmp T_35.5;
T_35.4 ;
    %load/vec4 v0x18379d0_0;
    %ix/getv 3, v0x1837650_0;
    %ix/load 4, 0, 0; Constant delay
    %assign/vec4/a/d v0x1837730, 0, 4;
T_35.5 ;
T_35.3 ;
T_35.0 ;
    %jmp T_35;
    .thread T_35;
    .scope S_0x17ea770;
T_36 ;
    %wait E_0x1837f40;
    %load/vec4 v0x1838180_0;
    %pad/u 32;
    %cmpi/e 0, 0, 32;
    %jmp/0xz  T_36.0, 4;
    %pushi/vec4 0, 0, 32;
    %store/vec4 v0x1837fa0_0, 0, 32;
    %jmp T_36.1;
T_36.0 ;
    %load/vec4 v0x1838180_0;
    %pad/u 7;
    %subi 1, 0, 7;
    %ix/vec4 4;
    %load/vec4a v0x1838fc0, 4;
    %store/vec4 v0x1837fa0_0, 0, 32;
T_36.1 ;
    %jmp T_36;
    .thread T_36, $push;
    .scope S_0x17ea770;
T_37 ;
    %wait E_0x1837ee0;
    %load/vec4 v0x1838240_0;
    %pad/u 32;
    %cmpi/e 0, 0, 32;
    %jmp/0xz  T_37.0, 4;
    %pushi/vec4 0, 0, 32;
    %store/vec4 v0x18380a0_0, 0, 32;
    %jmp T_37.1;
T_37.0 ;
    %load/vec4 v0x1838240_0;
    %pad/u 7;
    %subi 1, 0, 7;
    %ix/vec4 4;
    %load/vec4a v0x1838fc0, 4;
    %store/vec4 v0x18380a0_0, 0, 32;
T_37.1 ;
    %jmp T_37;
    .thread T_37, $push;
    .scope S_0x17ea770;
T_38 ;
    %wait E_0x17efdb0;
    %load/vec4 v0x1838320_0;
    %pad/u 32;
    %pushi/vec4 1, 0, 32;
    %cmp/e;
    %flag_get/vec4 4;
    %load/vec4 v0x18384c0_0;
    %pad/u 32;
    %pushi/vec4 0, 0, 32;
    %cmp/e;
    %flag_get/vec4 4;
    %inv;
    %and;
    %flag_set/vec4 8;
    %jmp/0xz  T_38.0, 8;
    %load/vec4 v0x18383e0_0;
    %load/vec4 v0x18384c0_0;
    %pad/u 7;
    %subi 1, 0, 7;
    %ix/vec4 4;
    %store/vec4a v0x1838fc0, 4, 0;
T_38.0 ;
    %jmp T_38;
    .thread T_38;
# The file index is used to find the file name in the following table.
:file_names 4;
    "N/A";
    "<interactive>";
    "LabM1.v";
    "modules.v";
