#! /cs/local/bin/vvp
:ivl_version "10.0 (stable)" "(v10_0)";
:ivl_delay_selection "TYPICAL";
:vpi_time_precision + 0;
:vpi_module "system";
:vpi_module "vhdl_sys";
:vpi_module "v2005_math";
:vpi_module "va_math";
S_0xcf51a0 .scope module, "labM" "labM" 2 1;
 .timescale 0 0;
v0xd3c630_0 .var "clk", 0 0;
v0xd429b0_0 .var "d", 31 0;
v0xd42a50_0 .var "e", 31 0;
v0xd42b20_0 .var "enable", 0 0;
v0xd42bc0_0 .net "z", 31 0, L_0xd45070;  1 drivers
S_0xcfb140 .scope module, "mine" "register" 2 6, 3 79 0, S_0xcf51a0;
 .timescale 0 0;
    .port_info 0 /OUTPUT 32 "q"
    .port_info 1 /INPUT 32 "d"
    .port_info 2 /INPUT 1 "clk"
    .port_info 3 /INPUT 1 "enable"
P_0xcfb310 .param/l "SIZE" 0 3 85, +C4<00000000000000000000000000100000>;
v0xd420d0_0 .net "clk", 0 0, v0xd3c630_0;  1 drivers
v0xd3c210_0 .net "d", 31 0, v0xd429b0_0;  1 drivers
v0xd3c2f0_0 .net "enable", 0 0, v0xd42b20_0;  1 drivers
v0xd3c4c0_0 .net "q", 31 0, L_0xd45070;  alias, 1 drivers
LS_0xd45070_0_0 .concat [ 1 1 1 1], v0xd36070_0, v0xd366d0_0, v0xd36d30_0, v0xd37300_0;
LS_0xd45070_0_4 .concat [ 1 1 1 1], v0xd37a40_0, v0xd37ff0_0, v0xd385a0_0, v0xd38ba0_0;
LS_0xd45070_0_8 .concat [ 1 1 1 1], v0xd39400_0, v0xd39900_0, v0xd39f00_0, v0xd3a500_0;
LS_0xd45070_0_12 .concat [ 1 1 1 1], v0xd3ab00_0, v0xd3b100_0, v0xd3b700_0, v0xd3bd00_0;
LS_0xd45070_0_16 .concat [ 1 1 1 1], v0xd392f0_0, v0xd3cb80_0, v0xd3d180_0, v0xd3d780_0;
LS_0xd45070_0_20 .concat [ 1 1 1 1], v0xd3dd80_0, v0xd3e380_0, v0xd3e980_0, v0xd3ef80_0;
LS_0xd45070_0_24 .concat [ 1 1 1 1], v0xd3f580_0, v0xd3fb80_0, v0xd40180_0, v0xd40780_0;
LS_0xd45070_0_28 .concat [ 1 1 1 1], v0xd40d80_0, v0xd41380_0, v0xd41980_0, v0xd41f80_0;
LS_0xd45070_1_0 .concat [ 4 4 4 4], LS_0xd45070_0_0, LS_0xd45070_0_4, LS_0xd45070_0_8, LS_0xd45070_0_12;
LS_0xd45070_1_4 .concat [ 4 4 4 4], LS_0xd45070_0_16, LS_0xd45070_0_20, LS_0xd45070_0_24, LS_0xd45070_0_28;
L_0xd45070 .concat [ 16 16 0 0], LS_0xd45070_1_0, LS_0xd45070_1_4;
L_0xd45810 .part v0xd429b0_0, 0, 1;
L_0xd45930 .part v0xd429b0_0, 1, 1;
L_0xd459d0 .part v0xd429b0_0, 2, 1;
L_0xd45b60 .part v0xd429b0_0, 3, 1;
L_0xd45c30 .part v0xd429b0_0, 4, 1;
L_0xd45d00 .part v0xd429b0_0, 5, 1;
L_0xd45da0 .part v0xd429b0_0, 6, 1;
L_0xd45f80 .part v0xd429b0_0, 7, 1;
L_0xd46020 .part v0xd429b0_0, 8, 1;
L_0xd460c0 .part v0xd429b0_0, 9, 1;
L_0xd46160 .part v0xd429b0_0, 10, 1;
L_0xd462a0 .part v0xd429b0_0, 11, 1;
L_0xd46370 .part v0xd429b0_0, 12, 1;
L_0xd464c0 .part v0xd429b0_0, 13, 1;
L_0xd46590 .part v0xd429b0_0, 14, 1;
L_0xd46870 .part v0xd429b0_0, 15, 1;
L_0xd46910 .part v0xd429b0_0, 16, 1;
L_0xd46a50 .part v0xd429b0_0, 17, 1;
L_0xd46af0 .part v0xd429b0_0, 18, 1;
L_0xd469b0 .part v0xd429b0_0, 19, 1;
L_0xd46c40 .part v0xd429b0_0, 20, 1;
L_0xd46b90 .part v0xd429b0_0, 21, 1;
L_0xd46e00 .part v0xd429b0_0, 22, 1;
L_0xd46d10 .part v0xd429b0_0, 23, 1;
L_0xd46fd0 .part v0xd429b0_0, 24, 1;
L_0xd46ed0 .part v0xd429b0_0, 25, 1;
L_0xd47180 .part v0xd429b0_0, 26, 1;
L_0xd470a0 .part v0xd429b0_0, 27, 1;
L_0xd47340 .part v0xd429b0_0, 28, 1;
L_0xd47250 .part v0xd429b0_0, 29, 1;
L_0xd47510 .part v0xd429b0_0, 30, 1;
L_0xd46770 .part v0xd429b0_0, 31, 1;
S_0xcef4c0 .scope module, "myFF[0]" "ff" 3 90, 3 1 0, S_0xcfb140;
 .timescale 0 0;
    .port_info 0 /OUTPUT 1 "q"
    .port_info 1 /INPUT 1 "d"
    .port_info 2 /INPUT 1 "clk"
    .port_info 3 /INPUT 1 "enable"
v0xcef6c0_0 .net "clk", 0 0, v0xd3c630_0;  alias, 1 drivers
v0xd35ee0_0 .net "d", 0 0, L_0xd45810;  1 drivers
v0xd35fa0_0 .net "enable", 0 0, v0xd42b20_0;  alias, 1 drivers
v0xd36070_0 .var "q", 0 0;
E_0xcfc050 .event posedge, v0xcef6c0_0;
S_0xd361e0 .scope module, "myFF[1]" "ff" 3 90, 3 1 0, S_0xcfb140;
 .timescale 0 0;
    .port_info 0 /OUTPUT 1 "q"
    .port_info 1 /INPUT 1 "d"
    .port_info 2 /INPUT 1 "clk"
    .port_info 3 /INPUT 1 "enable"
v0xd36460_0 .net "clk", 0 0, v0xd3c630_0;  alias, 1 drivers
v0xd36530_0 .net "d", 0 0, L_0xd45930;  1 drivers
v0xd365d0_0 .net "enable", 0 0, v0xd42b20_0;  alias, 1 drivers
v0xd366d0_0 .var "q", 0 0;
S_0xd36800 .scope module, "myFF[2]" "ff" 3 90, 3 1 0, S_0xcfb140;
 .timescale 0 0;
    .port_info 0 /OUTPUT 1 "q"
    .port_info 1 /INPUT 1 "d"
    .port_info 2 /INPUT 1 "clk"
    .port_info 3 /INPUT 1 "enable"
v0xd36ab0_0 .net "clk", 0 0, v0xd3c630_0;  alias, 1 drivers
v0xd36ba0_0 .net "d", 0 0, L_0xd459d0;  1 drivers
v0xd36c40_0 .net "enable", 0 0, v0xd42b20_0;  alias, 1 drivers
v0xd36d30_0 .var "q", 0 0;
S_0xd36e50 .scope module, "myFF[3]" "ff" 3 90, 3 1 0, S_0xcfb140;
 .timescale 0 0;
    .port_info 0 /OUTPUT 1 "q"
    .port_info 1 /INPUT 1 "d"
    .port_info 2 /INPUT 1 "clk"
    .port_info 3 /INPUT 1 "enable"
v0xd370d0_0 .net "clk", 0 0, v0xd3c630_0;  alias, 1 drivers
v0xd37170_0 .net "d", 0 0, L_0xd45b60;  1 drivers
v0xd37230_0 .net "enable", 0 0, v0xd42b20_0;  alias, 1 drivers
v0xd37300_0 .var "q", 0 0;
S_0xd37450 .scope module, "myFF[4]" "ff" 3 90, 3 1 0, S_0xcfb140;
 .timescale 0 0;
    .port_info 0 /OUTPUT 1 "q"
    .port_info 1 /INPUT 1 "d"
    .port_info 2 /INPUT 1 "clk"
    .port_info 3 /INPUT 1 "enable"
v0xd37720_0 .net "clk", 0 0, v0xd3c630_0;  alias, 1 drivers
v0xd37850_0 .net "d", 0 0, L_0xd45c30;  1 drivers
v0xd37910_0 .net "enable", 0 0, v0xd42b20_0;  alias, 1 drivers
v0xd37a40_0 .var "q", 0 0;
S_0xd37b90 .scope module, "myFF[5]" "ff" 3 90, 3 1 0, S_0xcfb140;
 .timescale 0 0;
    .port_info 0 /OUTPUT 1 "q"
    .port_info 1 /INPUT 1 "d"
    .port_info 2 /INPUT 1 "clk"
    .port_info 3 /INPUT 1 "enable"
v0xd37dc0_0 .net "clk", 0 0, v0xd3c630_0;  alias, 1 drivers
v0xd37e60_0 .net "d", 0 0, L_0xd45d00;  1 drivers
v0xd37f20_0 .net "enable", 0 0, v0xd42b20_0;  alias, 1 drivers
v0xd37ff0_0 .var "q", 0 0;
S_0xd38140 .scope module, "myFF[6]" "ff" 3 90, 3 1 0, S_0xcfb140;
 .timescale 0 0;
    .port_info 0 /OUTPUT 1 "q"
    .port_info 1 /INPUT 1 "d"
    .port_info 2 /INPUT 1 "clk"
    .port_info 3 /INPUT 1 "enable"
v0xd38370_0 .net "clk", 0 0, v0xd3c630_0;  alias, 1 drivers
v0xd38410_0 .net "d", 0 0, L_0xd45da0;  1 drivers
v0xd384d0_0 .net "enable", 0 0, v0xd42b20_0;  alias, 1 drivers
v0xd385a0_0 .var "q", 0 0;
S_0xd386f0 .scope module, "myFF[7]" "ff" 3 90, 3 1 0, S_0xcfb140;
 .timescale 0 0;
    .port_info 0 /OUTPUT 1 "q"
    .port_info 1 /INPUT 1 "d"
    .port_info 2 /INPUT 1 "clk"
    .port_info 3 /INPUT 1 "enable"
v0xd38970_0 .net "clk", 0 0, v0xd3c630_0;  alias, 1 drivers
v0xd38a10_0 .net "d", 0 0, L_0xd45f80;  1 drivers
v0xd38ad0_0 .net "enable", 0 0, v0xd42b20_0;  alias, 1 drivers
v0xd38ba0_0 .var "q", 0 0;
S_0xd38cf0 .scope module, "myFF[8]" "ff" 3 90, 3 1 0, S_0xcfb140;
 .timescale 0 0;
    .port_info 0 /OUTPUT 1 "q"
    .port_info 1 /INPUT 1 "d"
    .port_info 2 /INPUT 1 "clk"
    .port_info 3 /INPUT 1 "enable"
v0xd39000_0 .net "clk", 0 0, v0xd3c630_0;  alias, 1 drivers
v0xd391b0_0 .net "d", 0 0, L_0xd46020;  1 drivers
v0xd39250_0 .net "enable", 0 0, v0xd42b20_0;  alias, 1 drivers
v0xd39400_0 .var "q", 0 0;
S_0xd394a0 .scope module, "myFF[9]" "ff" 3 90, 3 1 0, S_0xcfb140;
 .timescale 0 0;
    .port_info 0 /OUTPUT 1 "q"
    .port_info 1 /INPUT 1 "d"
    .port_info 2 /INPUT 1 "clk"
    .port_info 3 /INPUT 1 "enable"
v0xd396d0_0 .net "clk", 0 0, v0xd3c630_0;  alias, 1 drivers
v0xd39770_0 .net "d", 0 0, L_0xd460c0;  1 drivers
v0xd39830_0 .net "enable", 0 0, v0xd42b20_0;  alias, 1 drivers
v0xd39900_0 .var "q", 0 0;
S_0xd39a50 .scope module, "myFF[10]" "ff" 3 90, 3 1 0, S_0xcfb140;
 .timescale 0 0;
    .port_info 0 /OUTPUT 1 "q"
    .port_info 1 /INPUT 1 "d"
    .port_info 2 /INPUT 1 "clk"
    .port_info 3 /INPUT 1 "enable"
v0xd39cd0_0 .net "clk", 0 0, v0xd3c630_0;  alias, 1 drivers
v0xd39d70_0 .net "d", 0 0, L_0xd46160;  1 drivers
v0xd39e30_0 .net "enable", 0 0, v0xd42b20_0;  alias, 1 drivers
v0xd39f00_0 .var "q", 0 0;
S_0xd3a050 .scope module, "myFF[11]" "ff" 3 90, 3 1 0, S_0xcfb140;
 .timescale 0 0;
    .port_info 0 /OUTPUT 1 "q"
    .port_info 1 /INPUT 1 "d"
    .port_info 2 /INPUT 1 "clk"
    .port_info 3 /INPUT 1 "enable"
v0xd3a2d0_0 .net "clk", 0 0, v0xd3c630_0;  alias, 1 drivers
v0xd3a370_0 .net "d", 0 0, L_0xd462a0;  1 drivers
v0xd3a430_0 .net "enable", 0 0, v0xd42b20_0;  alias, 1 drivers
v0xd3a500_0 .var "q", 0 0;
S_0xd3a650 .scope module, "myFF[12]" "ff" 3 90, 3 1 0, S_0xcfb140;
 .timescale 0 0;
    .port_info 0 /OUTPUT 1 "q"
    .port_info 1 /INPUT 1 "d"
    .port_info 2 /INPUT 1 "clk"
    .port_info 3 /INPUT 1 "enable"
v0xd3a8d0_0 .net "clk", 0 0, v0xd3c630_0;  alias, 1 drivers
v0xd3a970_0 .net "d", 0 0, L_0xd46370;  1 drivers
v0xd3aa30_0 .net "enable", 0 0, v0xd42b20_0;  alias, 1 drivers
v0xd3ab00_0 .var "q", 0 0;
S_0xd3ac50 .scope module, "myFF[13]" "ff" 3 90, 3 1 0, S_0xcfb140;
 .timescale 0 0;
    .port_info 0 /OUTPUT 1 "q"
    .port_info 1 /INPUT 1 "d"
    .port_info 2 /INPUT 1 "clk"
    .port_info 3 /INPUT 1 "enable"
v0xd3aed0_0 .net "clk", 0 0, v0xd3c630_0;  alias, 1 drivers
v0xd3af70_0 .net "d", 0 0, L_0xd464c0;  1 drivers
v0xd3b030_0 .net "enable", 0 0, v0xd42b20_0;  alias, 1 drivers
v0xd3b100_0 .var "q", 0 0;
S_0xd3b250 .scope module, "myFF[14]" "ff" 3 90, 3 1 0, S_0xcfb140;
 .timescale 0 0;
    .port_info 0 /OUTPUT 1 "q"
    .port_info 1 /INPUT 1 "d"
    .port_info 2 /INPUT 1 "clk"
    .port_info 3 /INPUT 1 "enable"
v0xd3b4d0_0 .net "clk", 0 0, v0xd3c630_0;  alias, 1 drivers
v0xd3b570_0 .net "d", 0 0, L_0xd46590;  1 drivers
v0xd3b630_0 .net "enable", 0 0, v0xd42b20_0;  alias, 1 drivers
v0xd3b700_0 .var "q", 0 0;
S_0xd3b850 .scope module, "myFF[15]" "ff" 3 90, 3 1 0, S_0xcfb140;
 .timescale 0 0;
    .port_info 0 /OUTPUT 1 "q"
    .port_info 1 /INPUT 1 "d"
    .port_info 2 /INPUT 1 "clk"
    .port_info 3 /INPUT 1 "enable"
v0xd3bad0_0 .net "clk", 0 0, v0xd3c630_0;  alias, 1 drivers
v0xd3bb70_0 .net "d", 0 0, L_0xd46870;  1 drivers
v0xd3bc30_0 .net "enable", 0 0, v0xd42b20_0;  alias, 1 drivers
v0xd3bd00_0 .var "q", 0 0;
S_0xd3be50 .scope module, "myFF[16]" "ff" 3 90, 3 1 0, S_0xcfb140;
 .timescale 0 0;
    .port_info 0 /OUTPUT 1 "q"
    .port_info 1 /INPUT 1 "d"
    .port_info 2 /INPUT 1 "clk"
    .port_info 3 /INPUT 1 "enable"
v0xd3c170_0 .net "clk", 0 0, v0xd3c630_0;  alias, 1 drivers
v0xd390a0_0 .net "d", 0 0, L_0xd46910;  1 drivers
v0xd3c420_0 .net "enable", 0 0, v0xd42b20_0;  alias, 1 drivers
v0xd392f0_0 .var "q", 0 0;
S_0xd3c6d0 .scope module, "myFF[17]" "ff" 3 90, 3 1 0, S_0xcfb140;
 .timescale 0 0;
    .port_info 0 /OUTPUT 1 "q"
    .port_info 1 /INPUT 1 "d"
    .port_info 2 /INPUT 1 "clk"
    .port_info 3 /INPUT 1 "enable"
v0xd3c950_0 .net "clk", 0 0, v0xd3c630_0;  alias, 1 drivers
v0xd3c9f0_0 .net "d", 0 0, L_0xd46a50;  1 drivers
v0xd3cab0_0 .net "enable", 0 0, v0xd42b20_0;  alias, 1 drivers
v0xd3cb80_0 .var "q", 0 0;
S_0xd3ccd0 .scope module, "myFF[18]" "ff" 3 90, 3 1 0, S_0xcfb140;
 .timescale 0 0;
    .port_info 0 /OUTPUT 1 "q"
    .port_info 1 /INPUT 1 "d"
    .port_info 2 /INPUT 1 "clk"
    .port_info 3 /INPUT 1 "enable"
v0xd3cf50_0 .net "clk", 0 0, v0xd3c630_0;  alias, 1 drivers
v0xd3cff0_0 .net "d", 0 0, L_0xd46af0;  1 drivers
v0xd3d0b0_0 .net "enable", 0 0, v0xd42b20_0;  alias, 1 drivers
v0xd3d180_0 .var "q", 0 0;
S_0xd3d2d0 .scope module, "myFF[19]" "ff" 3 90, 3 1 0, S_0xcfb140;
 .timescale 0 0;
    .port_info 0 /OUTPUT 1 "q"
    .port_info 1 /INPUT 1 "d"
    .port_info 2 /INPUT 1 "clk"
    .port_info 3 /INPUT 1 "enable"
v0xd3d550_0 .net "clk", 0 0, v0xd3c630_0;  alias, 1 drivers
v0xd3d5f0_0 .net "d", 0 0, L_0xd469b0;  1 drivers
v0xd3d6b0_0 .net "enable", 0 0, v0xd42b20_0;  alias, 1 drivers
v0xd3d780_0 .var "q", 0 0;
S_0xd3d8d0 .scope module, "myFF[20]" "ff" 3 90, 3 1 0, S_0xcfb140;
 .timescale 0 0;
    .port_info 0 /OUTPUT 1 "q"
    .port_info 1 /INPUT 1 "d"
    .port_info 2 /INPUT 1 "clk"
    .port_info 3 /INPUT 1 "enable"
v0xd3db50_0 .net "clk", 0 0, v0xd3c630_0;  alias, 1 drivers
v0xd3dbf0_0 .net "d", 0 0, L_0xd46c40;  1 drivers
v0xd3dcb0_0 .net "enable", 0 0, v0xd42b20_0;  alias, 1 drivers
v0xd3dd80_0 .var "q", 0 0;
S_0xd3ded0 .scope module, "myFF[21]" "ff" 3 90, 3 1 0, S_0xcfb140;
 .timescale 0 0;
    .port_info 0 /OUTPUT 1 "q"
    .port_info 1 /INPUT 1 "d"
    .port_info 2 /INPUT 1 "clk"
    .port_info 3 /INPUT 1 "enable"
v0xd3e150_0 .net "clk", 0 0, v0xd3c630_0;  alias, 1 drivers
v0xd3e1f0_0 .net "d", 0 0, L_0xd46b90;  1 drivers
v0xd3e2b0_0 .net "enable", 0 0, v0xd42b20_0;  alias, 1 drivers
v0xd3e380_0 .var "q", 0 0;
S_0xd3e4d0 .scope module, "myFF[22]" "ff" 3 90, 3 1 0, S_0xcfb140;
 .timescale 0 0;
    .port_info 0 /OUTPUT 1 "q"
    .port_info 1 /INPUT 1 "d"
    .port_info 2 /INPUT 1 "clk"
    .port_info 3 /INPUT 1 "enable"
v0xd3e750_0 .net "clk", 0 0, v0xd3c630_0;  alias, 1 drivers
v0xd3e7f0_0 .net "d", 0 0, L_0xd46e00;  1 drivers
v0xd3e8b0_0 .net "enable", 0 0, v0xd42b20_0;  alias, 1 drivers
v0xd3e980_0 .var "q", 0 0;
S_0xd3ead0 .scope module, "myFF[23]" "ff" 3 90, 3 1 0, S_0xcfb140;
 .timescale 0 0;
    .port_info 0 /OUTPUT 1 "q"
    .port_info 1 /INPUT 1 "d"
    .port_info 2 /INPUT 1 "clk"
    .port_info 3 /INPUT 1 "enable"
v0xd3ed50_0 .net "clk", 0 0, v0xd3c630_0;  alias, 1 drivers
v0xd3edf0_0 .net "d", 0 0, L_0xd46d10;  1 drivers
v0xd3eeb0_0 .net "enable", 0 0, v0xd42b20_0;  alias, 1 drivers
v0xd3ef80_0 .var "q", 0 0;
S_0xd3f0d0 .scope module, "myFF[24]" "ff" 3 90, 3 1 0, S_0xcfb140;
 .timescale 0 0;
    .port_info 0 /OUTPUT 1 "q"
    .port_info 1 /INPUT 1 "d"
    .port_info 2 /INPUT 1 "clk"
    .port_info 3 /INPUT 1 "enable"
v0xd3f350_0 .net "clk", 0 0, v0xd3c630_0;  alias, 1 drivers
v0xd3f3f0_0 .net "d", 0 0, L_0xd46fd0;  1 drivers
v0xd3f4b0_0 .net "enable", 0 0, v0xd42b20_0;  alias, 1 drivers
v0xd3f580_0 .var "q", 0 0;
S_0xd3f6d0 .scope module, "myFF[25]" "ff" 3 90, 3 1 0, S_0xcfb140;
 .timescale 0 0;
    .port_info 0 /OUTPUT 1 "q"
    .port_info 1 /INPUT 1 "d"
    .port_info 2 /INPUT 1 "clk"
    .port_info 3 /INPUT 1 "enable"
v0xd3f950_0 .net "clk", 0 0, v0xd3c630_0;  alias, 1 drivers
v0xd3f9f0_0 .net "d", 0 0, L_0xd46ed0;  1 drivers
v0xd3fab0_0 .net "enable", 0 0, v0xd42b20_0;  alias, 1 drivers
v0xd3fb80_0 .var "q", 0 0;
S_0xd3fcd0 .scope module, "myFF[26]" "ff" 3 90, 3 1 0, S_0xcfb140;
 .timescale 0 0;
    .port_info 0 /OUTPUT 1 "q"
    .port_info 1 /INPUT 1 "d"
    .port_info 2 /INPUT 1 "clk"
    .port_info 3 /INPUT 1 "enable"
v0xd3ff50_0 .net "clk", 0 0, v0xd3c630_0;  alias, 1 drivers
v0xd3fff0_0 .net "d", 0 0, L_0xd47180;  1 drivers
v0xd400b0_0 .net "enable", 0 0, v0xd42b20_0;  alias, 1 drivers
v0xd40180_0 .var "q", 0 0;
S_0xd402d0 .scope module, "myFF[27]" "ff" 3 90, 3 1 0, S_0xcfb140;
 .timescale 0 0;
    .port_info 0 /OUTPUT 1 "q"
    .port_info 1 /INPUT 1 "d"
    .port_info 2 /INPUT 1 "clk"
    .port_info 3 /INPUT 1 "enable"
v0xd40550_0 .net "clk", 0 0, v0xd3c630_0;  alias, 1 drivers
v0xd405f0_0 .net "d", 0 0, L_0xd470a0;  1 drivers
v0xd406b0_0 .net "enable", 0 0, v0xd42b20_0;  alias, 1 drivers
v0xd40780_0 .var "q", 0 0;
S_0xd408d0 .scope module, "myFF[28]" "ff" 3 90, 3 1 0, S_0xcfb140;
 .timescale 0 0;
    .port_info 0 /OUTPUT 1 "q"
    .port_info 1 /INPUT 1 "d"
    .port_info 2 /INPUT 1 "clk"
    .port_info 3 /INPUT 1 "enable"
v0xd40b50_0 .net "clk", 0 0, v0xd3c630_0;  alias, 1 drivers
v0xd40bf0_0 .net "d", 0 0, L_0xd47340;  1 drivers
v0xd40cb0_0 .net "enable", 0 0, v0xd42b20_0;  alias, 1 drivers
v0xd40d80_0 .var "q", 0 0;
S_0xd40ed0 .scope module, "myFF[29]" "ff" 3 90, 3 1 0, S_0xcfb140;
 .timescale 0 0;
    .port_info 0 /OUTPUT 1 "q"
    .port_info 1 /INPUT 1 "d"
    .port_info 2 /INPUT 1 "clk"
    .port_info 3 /INPUT 1 "enable"
v0xd41130_0 .net "clk", 0 0, v0xd3c630_0;  alias, 1 drivers
v0xd411f0_0 .net "d", 0 0, L_0xd47250;  1 drivers
v0xd412b0_0 .net "enable", 0 0, v0xd42b20_0;  alias, 1 drivers
v0xd41380_0 .var "q", 0 0;
S_0xd414d0 .scope module, "myFF[30]" "ff" 3 90, 3 1 0, S_0xcfb140;
 .timescale 0 0;
    .port_info 0 /OUTPUT 1 "q"
    .port_info 1 /INPUT 1 "d"
    .port_info 2 /INPUT 1 "clk"
    .port_info 3 /INPUT 1 "enable"
v0xd41750_0 .net "clk", 0 0, v0xd3c630_0;  alias, 1 drivers
v0xd417f0_0 .net "d", 0 0, L_0xd47510;  1 drivers
v0xd418b0_0 .net "enable", 0 0, v0xd42b20_0;  alias, 1 drivers
v0xd41980_0 .var "q", 0 0;
S_0xd41ad0 .scope module, "myFF[31]" "ff" 3 90, 3 1 0, S_0xcfb140;
 .timescale 0 0;
    .port_info 0 /OUTPUT 1 "q"
    .port_info 1 /INPUT 1 "d"
    .port_info 2 /INPUT 1 "clk"
    .port_info 3 /INPUT 1 "enable"
v0xd41d50_0 .net "clk", 0 0, v0xd3c630_0;  alias, 1 drivers
v0xd41df0_0 .net "d", 0 0, L_0xd46770;  1 drivers
v0xd41eb0_0 .net "enable", 0 0, v0xd42b20_0;  alias, 1 drivers
v0xd41f80_0 .var "q", 0 0;
S_0xcf5320 .scope module, "mem" "mem" 3 14;
 .timescale 0 0;
    .port_info 0 /OUTPUT 32 "memOut"
    .port_info 1 /INPUT 32 "address"
    .port_info 2 /INPUT 32 "memIn"
    .port_info 3 /INPUT 1 "clk"
    .port_info 4 /INPUT 1 "read"
    .port_info 5 /INPUT 1 "write"
P_0xcf54a0 .param/l "CAPACITY" 0 3 22, C4<1111111111111111>;
P_0xcf54e0 .param/l "DEBUG" 0 3 20, +C4<00000000000000000000000000000000>;
v0xd42d30_0 .net *"_s3", 31 0, L_0xd47410;  1 drivers
o0x7f210c2215f8 .functor BUFZ 32, C4<zzzzzzzzzzzzzzzzzzzzzzzzzzzzzzzz>; HiZ drive
v0xd42e30_0 .net "address", 31 0, o0x7f210c2215f8;  0 drivers
v0xd42f10 .array "arr", 65535 0, 31 0;
o0x7f210c221628 .functor BUFZ 1, C4<z>; HiZ drive
v0xd42fe0_0 .net "clk", 0 0, o0x7f210c221628;  0 drivers
v0xd430a0_0 .var "fresh", 0 0;
o0x7f210c221688 .functor BUFZ 32, C4<zzzzzzzzzzzzzzzzzzzzzzzzzzzzzzzz>; HiZ drive
v0xd431b0_0 .net "memIn", 31 0, o0x7f210c221688;  0 drivers
v0xd43290_0 .var "memOut", 31 0;
o0x7f210c2216e8 .functor BUFZ 1, C4<z>; HiZ drive
v0xd43370_0 .net "read", 0 0, o0x7f210c2216e8;  0 drivers
o0x7f210c221718 .functor BUFZ 1, C4<z>; HiZ drive
v0xd43430_0 .net "write", 0 0, o0x7f210c221718;  0 drivers
E_0xcfbf50 .event posedge, v0xd42fe0_0;
E_0xd42cd0 .event edge, L_0xd47410, v0xd42e30_0, v0xd43370_0;
L_0xd47410 .array/port v0xd42f10, o0x7f210c2215f8;
S_0xcf6810 .scope module, "rf" "rf" 3 94;
 .timescale 0 0;
    .port_info 0 /OUTPUT 32 "RD1"
    .port_info 1 /OUTPUT 32 "RD2"
    .port_info 2 /INPUT 5 "RN1"
    .port_info 3 /INPUT 5 "RN2"
    .port_info 4 /INPUT 5 "WN"
    .port_info 5 /INPUT 32 "WD"
    .port_info 6 /INPUT 1 "clk"
    .port_info 7 /INPUT 1 "W"
P_0xcf6990 .param/l "DEBUG" 0 3 99, +C4<00000000000000000000000000000000>;
v0xd43780_0 .var "RD1", 31 0;
v0xd43880_0 .var "RD2", 31 0;
o0x7f210c2218c8 .functor BUFZ 5, C4<zzzzz>; HiZ drive
v0xd43960_0 .net "RN1", 4 0, o0x7f210c2218c8;  0 drivers
o0x7f210c2218f8 .functor BUFZ 5, C4<zzzzz>; HiZ drive
v0xd43a20_0 .net "RN2", 4 0, o0x7f210c2218f8;  0 drivers
o0x7f210c221928 .functor BUFZ 1, C4<z>; HiZ drive
v0xd43b00_0 .net "W", 0 0, o0x7f210c221928;  0 drivers
o0x7f210c221958 .functor BUFZ 32, C4<zzzzzzzzzzzzzzzzzzzzzzzzzzzzzzzz>; HiZ drive
v0xd43bc0_0 .net "WD", 31 0, o0x7f210c221958;  0 drivers
o0x7f210c221988 .functor BUFZ 5, C4<zzzzz>; HiZ drive
v0xd43ca0_0 .net "WN", 4 0, o0x7f210c221988;  0 drivers
v0xd43d80_0 .net *"_s10", 6 0, L_0xd47b30;  1 drivers
v0xd43e60_0 .net *"_s15", 31 0, L_0xd47d60;  1 drivers
v0xd43fd0_0 .net *"_s17", 6 0, L_0xd47e00;  1 drivers
v0xd440b0_0 .net *"_s2", 31 0, L_0xd479f0;  1 drivers
L_0x7f210c1ce0a8 .functor BUFT 1, C4<00>, C4<0>, C4<0>, C4<0>;
v0xd44190_0 .net *"_s20", 1 0, L_0x7f210c1ce0a8;  1 drivers
L_0x7f210c1ce0f0 .functor BUFT 1, C4<0000001>, C4<0>, C4<0>, C4<0>;
v0xd44270_0 .net/2s *"_s21", 6 0, L_0x7f210c1ce0f0;  1 drivers
v0xd44350_0 .net *"_s23", 6 0, L_0xd47f20;  1 drivers
v0xd44430_0 .net *"_s4", 6 0, L_0xd47a90;  1 drivers
L_0x7f210c1ce018 .functor BUFT 1, C4<00>, C4<0>, C4<0>, C4<0>;
v0xd44510_0 .net *"_s7", 1 0, L_0x7f210c1ce018;  1 drivers
L_0x7f210c1ce060 .functor BUFT 1, C4<0000001>, C4<0>, C4<0>, C4<0>;
v0xd445f0_0 .net/2s *"_s8", 6 0, L_0x7f210c1ce060;  1 drivers
v0xd447a0 .array "arr", 31 1, 31 0;
o0x7f210c221b98 .functor BUFZ 1, C4<z>; HiZ drive
v0xd44840_0 .net "clk", 0 0, o0x7f210c221b98;  0 drivers
E_0xcfbd50 .event posedge, v0xd44840_0;
E_0xd436c0 .event edge, L_0xd47d60, v0xd43a20_0;
E_0xd43720 .event edge, L_0xd479f0, v0xd43960_0;
L_0xd479f0 .array/port v0xd447a0, L_0xd47b30;
L_0xd47a90 .concat [ 5 2 0 0], o0x7f210c2218c8, L_0x7f210c1ce018;
L_0xd47b30 .arith/sub 7, L_0xd47a90, L_0x7f210c1ce060;
L_0xd47d60 .array/port v0xd447a0, L_0xd47f20;
L_0xd47e00 .concat [ 5 2 0 0], o0x7f210c2218f8, L_0x7f210c1ce0a8;
L_0xd47f20 .arith/sub 7, L_0xd47e00, L_0x7f210c1ce0f0;
S_0xcf6a30 .scope module, "sk" "sk" 3 137;
 .timescale 0 0;
    .port_info 0 /OUTPUT 1 "upper"
    .port_info 1 /OUTPUT 1 "lower"
    .port_info 2 /INPUT 1 "a"
    .port_info 3 /INPUT 1 "b"
    .port_info 4 /INPUT 1 "c"
    .port_info 5 /INPUT 1 "d"
o0x7f210c221d48 .functor BUFZ 1, C4<z>; HiZ drive
o0x7f210c221d78 .functor BUFZ 1, C4<z>; HiZ drive
o0x7f210c221da8 .functor BUFZ 1, C4<z>; HiZ drive
o0x7f210c221dd8 .functor BUFZ 1, C4<z>; HiZ drive
L_0xd47c00 .functor OR 1, o0x7f210c221d48, o0x7f210c221d78, o0x7f210c221da8, o0x7f210c221dd8;
L_0xd48180 .functor NOT 1, o0x7f210c221da8, C4<0>, C4<0>, C4<0>;
L_0xd48240 .functor XOR 1, o0x7f210c221d48, o0x7f210c221d78, L_0xd48180, o0x7f210c221dd8;
v0xd449e0_0 .net "a", 0 0, o0x7f210c221d48;  0 drivers
v0xd44ac0_0 .net "b", 0 0, o0x7f210c221d78;  0 drivers
v0xd44b80_0 .net "c", 0 0, o0x7f210c221da8;  0 drivers
v0xd44c20_0 .net "d", 0 0, o0x7f210c221dd8;  0 drivers
v0xd44ce0_0 .net "lower", 0 0, L_0xd48240;  1 drivers
v0xd44df0_0 .net "notC", 0 0, L_0xd48180;  1 drivers
v0xd44eb0_0 .net "upper", 0 0, L_0xd47c00;  1 drivers
    .scope S_0xcef4c0;
T_0 ;
    %wait E_0xcfc050;
    %load/vec4 v0xd35fa0_0;
    %flag_set/vec4 8;
    %jmp/0xz  T_0.0, 8;
    %load/vec4 v0xd35ee0_0;
    %assign/vec4 v0xd36070_0, 0;
T_0.0 ;
    %jmp T_0;
    .thread T_0;
    .scope S_0xd361e0;
T_1 ;
    %wait E_0xcfc050;
    %load/vec4 v0xd365d0_0;
    %flag_set/vec4 8;
    %jmp/0xz  T_1.0, 8;
    %load/vec4 v0xd36530_0;
    %assign/vec4 v0xd366d0_0, 0;
T_1.0 ;
    %jmp T_1;
    .thread T_1;
    .scope S_0xd36800;
T_2 ;
    %wait E_0xcfc050;
    %load/vec4 v0xd36c40_0;
    %flag_set/vec4 8;
    %jmp/0xz  T_2.0, 8;
    %load/vec4 v0xd36ba0_0;
    %assign/vec4 v0xd36d30_0, 0;
T_2.0 ;
    %jmp T_2;
    .thread T_2;
    .scope S_0xd36e50;
T_3 ;
    %wait E_0xcfc050;
    %load/vec4 v0xd37230_0;
    %flag_set/vec4 8;
    %jmp/0xz  T_3.0, 8;
    %load/vec4 v0xd37170_0;
    %assign/vec4 v0xd37300_0, 0;
T_3.0 ;
    %jmp T_3;
    .thread T_3;
    .scope S_0xd37450;
T_4 ;
    %wait E_0xcfc050;
    %load/vec4 v0xd37910_0;
    %flag_set/vec4 8;
    %jmp/0xz  T_4.0, 8;
    %load/vec4 v0xd37850_0;
    %assign/vec4 v0xd37a40_0, 0;
T_4.0 ;
    %jmp T_4;
    .thread T_4;
    .scope S_0xd37b90;
T_5 ;
    %wait E_0xcfc050;
    %load/vec4 v0xd37f20_0;
    %flag_set/vec4 8;
    %jmp/0xz  T_5.0, 8;
    %load/vec4 v0xd37e60_0;
    %assign/vec4 v0xd37ff0_0, 0;
T_5.0 ;
    %jmp T_5;
    .thread T_5;
    .scope S_0xd38140;
T_6 ;
    %wait E_0xcfc050;
    %load/vec4 v0xd384d0_0;
    %flag_set/vec4 8;
    %jmp/0xz  T_6.0, 8;
    %load/vec4 v0xd38410_0;
    %assign/vec4 v0xd385a0_0, 0;
T_6.0 ;
    %jmp T_6;
    .thread T_6;
    .scope S_0xd386f0;
T_7 ;
    %wait E_0xcfc050;
    %load/vec4 v0xd38ad0_0;
    %flag_set/vec4 8;
    %jmp/0xz  T_7.0, 8;
    %load/vec4 v0xd38a10_0;
    %assign/vec4 v0xd38ba0_0, 0;
T_7.0 ;
    %jmp T_7;
    .thread T_7;
    .scope S_0xd38cf0;
T_8 ;
    %wait E_0xcfc050;
    %load/vec4 v0xd39250_0;
    %flag_set/vec4 8;
    %jmp/0xz  T_8.0, 8;
    %load/vec4 v0xd391b0_0;
    %assign/vec4 v0xd39400_0, 0;
T_8.0 ;
    %jmp T_8;
    .thread T_8;
    .scope S_0xd394a0;
T_9 ;
    %wait E_0xcfc050;
    %load/vec4 v0xd39830_0;
    %flag_set/vec4 8;
    %jmp/0xz  T_9.0, 8;
    %load/vec4 v0xd39770_0;
    %assign/vec4 v0xd39900_0, 0;
T_9.0 ;
    %jmp T_9;
    .thread T_9;
    .scope S_0xd39a50;
T_10 ;
    %wait E_0xcfc050;
    %load/vec4 v0xd39e30_0;
    %flag_set/vec4 8;
    %jmp/0xz  T_10.0, 8;
    %load/vec4 v0xd39d70_0;
    %assign/vec4 v0xd39f00_0, 0;
T_10.0 ;
    %jmp T_10;
    .thread T_10;
    .scope S_0xd3a050;
T_11 ;
    %wait E_0xcfc050;
    %load/vec4 v0xd3a430_0;
    %flag_set/vec4 8;
    %jmp/0xz  T_11.0, 8;
    %load/vec4 v0xd3a370_0;
    %assign/vec4 v0xd3a500_0, 0;
T_11.0 ;
    %jmp T_11;
    .thread T_11;
    .scope S_0xd3a650;
T_12 ;
    %wait E_0xcfc050;
    %load/vec4 v0xd3aa30_0;
    %flag_set/vec4 8;
    %jmp/0xz  T_12.0, 8;
    %load/vec4 v0xd3a970_0;
    %assign/vec4 v0xd3ab00_0, 0;
T_12.0 ;
    %jmp T_12;
    .thread T_12;
    .scope S_0xd3ac50;
T_13 ;
    %wait E_0xcfc050;
    %load/vec4 v0xd3b030_0;
    %flag_set/vec4 8;
    %jmp/0xz  T_13.0, 8;
    %load/vec4 v0xd3af70_0;
    %assign/vec4 v0xd3b100_0, 0;
T_13.0 ;
    %jmp T_13;
    .thread T_13;
    .scope S_0xd3b250;
T_14 ;
    %wait E_0xcfc050;
    %load/vec4 v0xd3b630_0;
    %flag_set/vec4 8;
    %jmp/0xz  T_14.0, 8;
    %load/vec4 v0xd3b570_0;
    %assign/vec4 v0xd3b700_0, 0;
T_14.0 ;
    %jmp T_14;
    .thread T_14;
    .scope S_0xd3b850;
T_15 ;
    %wait E_0xcfc050;
    %load/vec4 v0xd3bc30_0;
    %flag_set/vec4 8;
    %jmp/0xz  T_15.0, 8;
    %load/vec4 v0xd3bb70_0;
    %assign/vec4 v0xd3bd00_0, 0;
T_15.0 ;
    %jmp T_15;
    .thread T_15;
    .scope S_0xd3be50;
T_16 ;
    %wait E_0xcfc050;
    %load/vec4 v0xd3c420_0;
    %flag_set/vec4 8;
    %jmp/0xz  T_16.0, 8;
    %load/vec4 v0xd390a0_0;
    %assign/vec4 v0xd392f0_0, 0;
T_16.0 ;
    %jmp T_16;
    .thread T_16;
    .scope S_0xd3c6d0;
T_17 ;
    %wait E_0xcfc050;
    %load/vec4 v0xd3cab0_0;
    %flag_set/vec4 8;
    %jmp/0xz  T_17.0, 8;
    %load/vec4 v0xd3c9f0_0;
    %assign/vec4 v0xd3cb80_0, 0;
T_17.0 ;
    %jmp T_17;
    .thread T_17;
    .scope S_0xd3ccd0;
T_18 ;
    %wait E_0xcfc050;
    %load/vec4 v0xd3d0b0_0;
    %flag_set/vec4 8;
    %jmp/0xz  T_18.0, 8;
    %load/vec4 v0xd3cff0_0;
    %assign/vec4 v0xd3d180_0, 0;
T_18.0 ;
    %jmp T_18;
    .thread T_18;
    .scope S_0xd3d2d0;
T_19 ;
    %wait E_0xcfc050;
    %load/vec4 v0xd3d6b0_0;
    %flag_set/vec4 8;
    %jmp/0xz  T_19.0, 8;
    %load/vec4 v0xd3d5f0_0;
    %assign/vec4 v0xd3d780_0, 0;
T_19.0 ;
    %jmp T_19;
    .thread T_19;
    .scope S_0xd3d8d0;
T_20 ;
    %wait E_0xcfc050;
    %load/vec4 v0xd3dcb0_0;
    %flag_set/vec4 8;
    %jmp/0xz  T_20.0, 8;
    %load/vec4 v0xd3dbf0_0;
    %assign/vec4 v0xd3dd80_0, 0;
T_20.0 ;
    %jmp T_20;
    .thread T_20;
    .scope S_0xd3ded0;
T_21 ;
    %wait E_0xcfc050;
    %load/vec4 v0xd3e2b0_0;
    %flag_set/vec4 8;
    %jmp/0xz  T_21.0, 8;
    %load/vec4 v0xd3e1f0_0;
    %assign/vec4 v0xd3e380_0, 0;
T_21.0 ;
    %jmp T_21;
    .thread T_21;
    .scope S_0xd3e4d0;
T_22 ;
    %wait E_0xcfc050;
    %load/vec4 v0xd3e8b0_0;
    %flag_set/vec4 8;
    %jmp/0xz  T_22.0, 8;
    %load/vec4 v0xd3e7f0_0;
    %assign/vec4 v0xd3e980_0, 0;
T_22.0 ;
    %jmp T_22;
    .thread T_22;
    .scope S_0xd3ead0;
T_23 ;
    %wait E_0xcfc050;
    %load/vec4 v0xd3eeb0_0;
    %flag_set/vec4 8;
    %jmp/0xz  T_23.0, 8;
    %load/vec4 v0xd3edf0_0;
    %assign/vec4 v0xd3ef80_0, 0;
T_23.0 ;
    %jmp T_23;
    .thread T_23;
    .scope S_0xd3f0d0;
T_24 ;
    %wait E_0xcfc050;
    %load/vec4 v0xd3f4b0_0;
    %flag_set/vec4 8;
    %jmp/0xz  T_24.0, 8;
    %load/vec4 v0xd3f3f0_0;
    %assign/vec4 v0xd3f580_0, 0;
T_24.0 ;
    %jmp T_24;
    .thread T_24;
    .scope S_0xd3f6d0;
T_25 ;
    %wait E_0xcfc050;
    %load/vec4 v0xd3fab0_0;
    %flag_set/vec4 8;
    %jmp/0xz  T_25.0, 8;
    %load/vec4 v0xd3f9f0_0;
    %assign/vec4 v0xd3fb80_0, 0;
T_25.0 ;
    %jmp T_25;
    .thread T_25;
    .scope S_0xd3fcd0;
T_26 ;
    %wait E_0xcfc050;
    %load/vec4 v0xd400b0_0;
    %flag_set/vec4 8;
    %jmp/0xz  T_26.0, 8;
    %load/vec4 v0xd3fff0_0;
    %assign/vec4 v0xd40180_0, 0;
T_26.0 ;
    %jmp T_26;
    .thread T_26;
    .scope S_0xd402d0;
T_27 ;
    %wait E_0xcfc050;
    %load/vec4 v0xd406b0_0;
    %flag_set/vec4 8;
    %jmp/0xz  T_27.0, 8;
    %load/vec4 v0xd405f0_0;
    %assign/vec4 v0xd40780_0, 0;
T_27.0 ;
    %jmp T_27;
    .thread T_27;
    .scope S_0xd408d0;
T_28 ;
    %wait E_0xcfc050;
    %load/vec4 v0xd40cb0_0;
    %flag_set/vec4 8;
    %jmp/0xz  T_28.0, 8;
    %load/vec4 v0xd40bf0_0;
    %assign/vec4 v0xd40d80_0, 0;
T_28.0 ;
    %jmp T_28;
    .thread T_28;
    .scope S_0xd40ed0;
T_29 ;
    %wait E_0xcfc050;
    %load/vec4 v0xd412b0_0;
    %flag_set/vec4 8;
    %jmp/0xz  T_29.0, 8;
    %load/vec4 v0xd411f0_0;
    %assign/vec4 v0xd41380_0, 0;
T_29.0 ;
    %jmp T_29;
    .thread T_29;
    .scope S_0xd414d0;
T_30 ;
    %wait E_0xcfc050;
    %load/vec4 v0xd418b0_0;
    %flag_set/vec4 8;
    %jmp/0xz  T_30.0, 8;
    %load/vec4 v0xd417f0_0;
    %assign/vec4 v0xd41980_0, 0;
T_30.0 ;
    %jmp T_30;
    .thread T_30;
    .scope S_0xd41ad0;
T_31 ;
    %wait E_0xcfc050;
    %load/vec4 v0xd41eb0_0;
    %flag_set/vec4 8;
    %jmp/0xz  T_31.0, 8;
    %load/vec4 v0xd41df0_0;
    %assign/vec4 v0xd41f80_0, 0;
T_31.0 ;
    %jmp T_31;
    .thread T_31;
    .scope S_0xcf51a0;
T_32 ;
    %pushi/vec4 20, 0, 32;
T_32.0 %dup/vec4;
    %pushi/vec4 0, 0, 32;
    %cmp/s;
    %jmp/1xz T_32.1, 5;
    %jmp/1 T_32.1, 4;
    %pushi/vec4 1, 0, 32;
    %sub;
    %delay 2, 0;
    %vpi_func 2 12 "$random" 32 {0 0 0};
    %pushi/vec4 100, 0, 32;
    %mod/s;
    %store/vec4 v0xd429b0_0, 0, 32;
    %delay 1, 0;
    %jmp T_32.0;
T_32.1 ;
    %pop/vec4 1;
    %vpi_call 2 15 "$finish" {0 0 0};
    %end;
    .thread T_32;
    .scope S_0xcf51a0;
T_33 ;
    %pushi/vec4 1, 0, 1;
    %store/vec4 v0xd42b20_0, 0, 1;
    %load/vec4 v0xd3c630_0;
    %pad/u 32;
    %cmpi/e 1, 0, 32;
    %jmp/0xz  T_33.0, 6;
    %load/vec4 v0xd42bc0_0;
    %load/vec4 v0xd429b0_0;
    %cmp/e;
    %flag_get/vec4 6;
    %pad/u 32;
    %store/vec4 v0xd42a50_0, 0, 32;
T_33.0 ;
    %delay 1, 0;
    %pushi/vec4 0, 0, 1;
    %store/vec4 v0xd3c630_0, 0, 1;
    %delay 5, 0;
    %load/vec4 v0xd3c630_0;
    %inv;
    %store/vec4 v0xd3c630_0, 0, 1;
    %delay 1, 0;
    %jmp T_33;
    .thread T_33;
    .scope S_0xcf51a0;
T_34 ;
    %delay 1, 0;
    %vpi_call 2 33 "$monitor", "%5d: clk=%b d=%d z=%d expect=%d", $time, v0xd3c630_0, v0xd429b0_0, v0xd42bc0_0, v0xd42a50_0 {0 0 0};
    %end;
    .thread T_34;
    .scope S_0xcf5320;
T_35 ;
    %pushi/vec4 1, 0, 1;
    %store/vec4 v0xd430a0_0, 0, 1;
    %end;
    .thread T_35;
    .scope S_0xcf5320;
T_36 ;
    %wait E_0xd42cd0;
    %load/vec4 v0xd430a0_0;
    %pad/u 32;
    %cmpi/e 1, 0, 32;
    %jmp/0xz  T_36.0, 4;
    %pushi/vec4 0, 0, 1;
    %store/vec4 v0xd430a0_0, 0, 1;
    %vpi_call 3 35 "$readmemh", "ram.dat", v0xd42f10 {0 0 0};
T_36.0 ;
    %load/vec4 v0xd43370_0;
    %pad/u 32;
    %cmpi/e 1, 0, 32;
    %jmp/0xz  T_36.2, 4;
    %load/vec4 v0xd42e30_0;
    %parti/s 2, 0, 2;
    %cmpi/ne 0, 0, 2;
    %jmp/0xz  T_36.4, 4;
    %pushi/vec4 4294967295, 4294967295, 32;
    %store/vec4 v0xd43290_0, 0, 32;
    %jmp T_36.5;
T_36.4 ;
    %pushi/vec4 65535, 0, 32;
    %load/vec4 v0xd42e30_0;
    %cmp/u;
    %jmp/0xz  T_36.6, 5;
    %pushi/vec4 4294967295, 4294967295, 32;
    %store/vec4 v0xd43290_0, 0, 32;
    %jmp T_36.7;
T_36.6 ;
    %ix/getv 4, v0xd42e30_0;
    %load/vec4a v0xd42f10, 4;
    %store/vec4 v0xd43290_0, 0, 32;
T_36.7 ;
T_36.5 ;
T_36.2 ;
    %jmp T_36;
    .thread T_36, $push;
    .scope S_0xcf5320;
T_37 ;
    %wait E_0xcfbf50;
    %load/vec4 v0xd43430_0;
    %pad/u 32;
    %cmpi/e 1, 0, 32;
    %jmp/0xz  T_37.0, 4;
    %load/vec4 v0xd42e30_0;
    %parti/s 2, 0, 2;
    %cmpi/ne 0, 0, 2;
    %jmp/0xz  T_37.2, 4;
    %jmp T_37.3;
T_37.2 ;
    %pushi/vec4 65535, 0, 32;
    %load/vec4 v0xd42e30_0;
    %cmp/u;
    %jmp/0xz  T_37.4, 5;
    %vpi_call 3 67 "$display", "Address %d out of range %d", v0xd42e30_0, P_0xcf54a0 {0 0 0};
    %jmp T_37.5;
T_37.4 ;
    %load/vec4 v0xd431b0_0;
    %ix/getv 3, v0xd42e30_0;
    %ix/load 4, 0, 0; Constant delay
    %assign/vec4/a/d v0xd42f10, 0, 4;
T_37.5 ;
T_37.3 ;
T_37.0 ;
    %jmp T_37;
    .thread T_37;
    .scope S_0xcf6810;
T_38 ;
    %wait E_0xd43720;
    %load/vec4 v0xd43960_0;
    %pad/u 32;
    %cmpi/e 0, 0, 32;
    %jmp/0xz  T_38.0, 4;
    %pushi/vec4 0, 0, 32;
    %store/vec4 v0xd43780_0, 0, 32;
    %jmp T_38.1;
T_38.0 ;
    %load/vec4 v0xd43960_0;
    %pad/u 7;
    %subi 1, 0, 7;
    %ix/vec4 4;
    %load/vec4a v0xd447a0, 4;
    %store/vec4 v0xd43780_0, 0, 32;
T_38.1 ;
    %jmp T_38;
    .thread T_38, $push;
    .scope S_0xcf6810;
T_39 ;
    %wait E_0xd436c0;
    %load/vec4 v0xd43a20_0;
    %pad/u 32;
    %cmpi/e 0, 0, 32;
    %jmp/0xz  T_39.0, 4;
    %pushi/vec4 0, 0, 32;
    %store/vec4 v0xd43880_0, 0, 32;
    %jmp T_39.1;
T_39.0 ;
    %load/vec4 v0xd43a20_0;
    %pad/u 7;
    %subi 1, 0, 7;
    %ix/vec4 4;
    %load/vec4a v0xd447a0, 4;
    %store/vec4 v0xd43880_0, 0, 32;
T_39.1 ;
    %jmp T_39;
    .thread T_39, $push;
    .scope S_0xcf6810;
T_40 ;
    %wait E_0xcfbd50;
    %load/vec4 v0xd43b00_0;
    %pad/u 32;
    %pushi/vec4 1, 0, 32;
    %cmp/e;
    %flag_get/vec4 4;
    %load/vec4 v0xd43ca0_0;
    %pad/u 32;
    %pushi/vec4 0, 0, 32;
    %cmp/e;
    %flag_get/vec4 4;
    %inv;
    %and;
    %flag_set/vec4 8;
    %jmp/0xz  T_40.0, 8;
    %load/vec4 v0xd43bc0_0;
    %load/vec4 v0xd43ca0_0;
    %pad/u 7;
    %subi 1, 0, 7;
    %ix/vec4 4;
    %store/vec4a v0xd447a0, 4, 0;
T_40.0 ;
    %jmp T_40;
    .thread T_40;
# The file index is used to find the file name in the following table.
:file_names 4;
    "N/A";
    "<interactive>";
    "LabM2.v";
    "modules.v";
