#! /cs/local/bin/vvp
:ivl_version "10.0 (stable)" "(v10_0)";
:ivl_delay_selection "TYPICAL";
:vpi_time_precision + 0;
:vpi_module "system";
:vpi_module "vhdl_sys";
:vpi_module "v2005_math";
:vpi_module "va_math";
S_0x228bbe0 .scope module, "labM" "labM" 2 1;
 .timescale 0 0;
v0x22ba280_0 .var "clk", 0 0;
v0x22ba340_0 .var/i "i", 31 0;
v0x22ba420_0 .net "rd1", 31 0, v0x228b7c0_0;  1 drivers
v0x22ba4f0_0 .net "rd2", 31 0, v0x22b90a0_0;  1 drivers
v0x22ba5c0_0 .var "rs1", 4 0;
v0x22ba660_0 .var "rs2", 4 0;
v0x22ba730_0 .var "w", 0 0;
v0x22ba800_0 .var "wd", 31 0;
v0x22ba8d0_0 .var "wn", 4 0;
S_0x228f7e0 .scope module, "myRF" "rf" 2 8, 3 94 0, S_0x228bbe0;
 .timescale 0 0;
    .port_info 0 /OUTPUT 32 "RD1"
    .port_info 1 /OUTPUT 32 "RD2"
    .port_info 2 /INPUT 5 "RN1"
    .port_info 3 /INPUT 5 "RN2"
    .port_info 4 /INPUT 5 "WN"
    .port_info 5 /INPUT 32 "WD"
    .port_info 6 /INPUT 1 "clk"
    .port_info 7 /INPUT 1 "W"
P_0x2295a60 .param/l "DEBUG" 0 3 99, +C4<00000000000000000000000000100000>;
v0x228b7c0_0 .var "RD1", 31 0;
v0x22b90a0_0 .var "RD2", 31 0;
v0x22b9180_0 .net "RN1", 4 0, v0x22ba5c0_0;  1 drivers
v0x22b9270_0 .net "RN2", 4 0, v0x22ba660_0;  1 drivers
v0x22b9350_0 .net "W", 0 0, v0x22ba730_0;  1 drivers
v0x22b9460_0 .net "WD", 31 0, v0x22ba800_0;  1 drivers
v0x22b9540_0 .net "WN", 4 0, v0x22ba8d0_0;  1 drivers
v0x22b9620_0 .net *"_s10", 6 0, L_0x22bcd10;  1 drivers
v0x22b9700_0 .net *"_s15", 31 0, L_0x22bcf70;  1 drivers
v0x22b9870_0 .net *"_s17", 6 0, L_0x22bd010;  1 drivers
v0x22b9950_0 .net *"_s2", 31 0, L_0x22bcab0;  1 drivers
L_0x7f769a6b50a8 .functor BUFT 1, C4<00>, C4<0>, C4<0>, C4<0>;
v0x22b9a30_0 .net *"_s20", 1 0, L_0x7f769a6b50a8;  1 drivers
L_0x7f769a6b50f0 .functor BUFT 1, C4<0000001>, C4<0>, C4<0>, C4<0>;
v0x22b9b10_0 .net/2s *"_s21", 6 0, L_0x7f769a6b50f0;  1 drivers
v0x22b9bf0_0 .net *"_s23", 6 0, L_0x22bd150;  1 drivers
v0x22b9cd0_0 .net *"_s4", 6 0, L_0x22bcba0;  1 drivers
L_0x7f769a6b5018 .functor BUFT 1, C4<00>, C4<0>, C4<0>, C4<0>;
v0x22b9db0_0 .net *"_s7", 1 0, L_0x7f769a6b5018;  1 drivers
L_0x7f769a6b5060 .functor BUFT 1, C4<0000001>, C4<0>, C4<0>, C4<0>;
v0x22b9e90_0 .net/2s *"_s8", 6 0, L_0x7f769a6b5060;  1 drivers
v0x22ba040 .array "arr", 31 1, 31 0;
v0x22ba0e0_0 .net "clk", 0 0, v0x22ba280_0;  1 drivers
E_0x229bd10 .event posedge, v0x22ba0e0_0;
E_0x229c410 .event edge, L_0x22bcf70, v0x22b9270_0;
E_0x229bc10 .event edge, L_0x22bcab0, v0x22b9180_0;
L_0x22bcab0 .array/port v0x22ba040, L_0x22bcd10;
L_0x22bcba0 .concat [ 5 2 0 0], v0x22ba5c0_0, L_0x7f769a6b5018;
L_0x22bcd10 .arith/sub 7, L_0x22bcba0, L_0x7f769a6b5060;
L_0x22bcf70 .array/port v0x22ba040, L_0x22bd150;
L_0x22bd010 .concat [ 5 2 0 0], v0x22ba660_0, L_0x7f769a6b50a8;
L_0x22bd150 .arith/sub 7, L_0x22bd010, L_0x7f769a6b50f0;
S_0x228e5b0 .scope module, "mem" "mem" 3 14;
 .timescale 0 0;
    .port_info 0 /OUTPUT 32 "memOut"
    .port_info 1 /INPUT 32 "address"
    .port_info 2 /INPUT 32 "memIn"
    .port_info 3 /INPUT 1 "clk"
    .port_info 4 /INPUT 1 "read"
    .port_info 5 /INPUT 1 "write"
P_0x228e730 .param/l "CAPACITY" 0 3 22, C4<1111111111111111>;
P_0x228e770 .param/l "DEBUG" 0 3 20, +C4<00000000000000000000000000000000>;
v0x22baad0_0 .net *"_s3", 31 0, L_0x22bd370;  1 drivers
o0x7f769a706558 .functor BUFZ 32, C4<zzzzzzzzzzzzzzzzzzzzzzzzzzzzzzzz>; HiZ drive
v0x22babd0_0 .net "address", 31 0, o0x7f769a706558;  0 drivers
v0x22bacb0 .array "arr", 65535 0, 31 0;
o0x7f769a706588 .functor BUFZ 1, C4<z>; HiZ drive
v0x22bad80_0 .net "clk", 0 0, o0x7f769a706588;  0 drivers
v0x22bae40_0 .var "fresh", 0 0;
o0x7f769a7065e8 .functor BUFZ 32, C4<zzzzzzzzzzzzzzzzzzzzzzzzzzzzzzzz>; HiZ drive
v0x22baf00_0 .net "memIn", 31 0, o0x7f769a7065e8;  0 drivers
v0x22bafe0_0 .var "memOut", 31 0;
o0x7f769a706648 .functor BUFZ 1, C4<z>; HiZ drive
v0x22bb0c0_0 .net "read", 0 0, o0x7f769a706648;  0 drivers
o0x7f769a706678 .functor BUFZ 1, C4<z>; HiZ drive
v0x22bb180_0 .net "write", 0 0, o0x7f769a706678;  0 drivers
E_0x22baa30 .event posedge, v0x22bad80_0;
E_0x22baa70 .event edge, L_0x22bd370, v0x22babd0_0, v0x22bb0c0_0;
L_0x22bd370 .array/port v0x22bacb0, o0x7f769a706558;
S_0x225a920 .scope module, "register" "register" 3 79;
 .timescale 0 0;
    .port_info 0 /OUTPUT 2 "q"
    .port_info 1 /INPUT 2 "d"
    .port_info 2 /INPUT 1 "clk"
    .port_info 3 /INPUT 1 "enable"
P_0x225aaa0 .param/l "SIZE" 0 3 85, +C4<00000000000000000000000000000010>;
o0x7f769a7067c8 .functor BUFZ 1, C4<z>; HiZ drive
v0x22bc040_0 .net "clk", 0 0, o0x7f769a7067c8;  0 drivers
o0x7f769a706a68 .functor BUFZ 2, C4<zz>; HiZ drive
v0x22bc150_0 .net "d", 1 0, o0x7f769a706a68;  0 drivers
o0x7f769a706828 .functor BUFZ 1, C4<z>; HiZ drive
v0x22bc230_0 .net "enable", 0 0, o0x7f769a706828;  0 drivers
v0x22bc320_0 .net "q", 1 0, L_0x22bd410;  1 drivers
L_0x22bd410 .concat [ 1 1 0 0], v0x22bb8b0_0, v0x22bbf10_0;
L_0x22bd4b0 .part o0x7f769a706a68, 0, 1;
L_0x22bd550 .part o0x7f769a706a68, 1, 1;
S_0x22bb3d0 .scope module, "myFF[0]" "ff" 3 90, 3 1 0, S_0x225a920;
 .timescale 0 0;
    .port_info 0 /OUTPUT 1 "q"
    .port_info 1 /INPUT 1 "d"
    .port_info 2 /INPUT 1 "clk"
    .port_info 3 /INPUT 1 "enable"
v0x22bb640_0 .net "clk", 0 0, o0x7f769a7067c8;  alias, 0 drivers
v0x22bb720_0 .net "d", 0 0, L_0x22bd4b0;  1 drivers
v0x22bb7e0_0 .net "enable", 0 0, o0x7f769a706828;  alias, 0 drivers
v0x22bb8b0_0 .var "q", 0 0;
E_0x228b170 .event posedge, v0x22bb640_0;
S_0x22bba20 .scope module, "myFF[1]" "ff" 3 90, 3 1 0, S_0x225a920;
 .timescale 0 0;
    .port_info 0 /OUTPUT 1 "q"
    .port_info 1 /INPUT 1 "d"
    .port_info 2 /INPUT 1 "clk"
    .port_info 3 /INPUT 1 "enable"
v0x22bbca0_0 .net "clk", 0 0, o0x7f769a7067c8;  alias, 0 drivers
v0x22bbd70_0 .net "d", 0 0, L_0x22bd550;  1 drivers
v0x22bbe10_0 .net "enable", 0 0, o0x7f769a706828;  alias, 0 drivers
v0x22bbf10_0 .var "q", 0 0;
S_0x228f5c0 .scope module, "sk" "sk" 3 137;
 .timescale 0 0;
    .port_info 0 /OUTPUT 1 "upper"
    .port_info 1 /OUTPUT 1 "lower"
    .port_info 2 /INPUT 1 "a"
    .port_info 3 /INPUT 1 "b"
    .port_info 4 /INPUT 1 "c"
    .port_info 5 /INPUT 1 "d"
o0x7f769a706b88 .functor BUFZ 1, C4<z>; HiZ drive
o0x7f769a706bb8 .functor BUFZ 1, C4<z>; HiZ drive
o0x7f769a706be8 .functor BUFZ 1, C4<z>; HiZ drive
o0x7f769a706c18 .functor BUFZ 1, C4<z>; HiZ drive
L_0x22bce10 .functor OR 1, o0x7f769a706b88, o0x7f769a706bb8, o0x7f769a706be8, o0x7f769a706c18;
L_0x22bd760 .functor NOT 1, o0x7f769a706be8, C4<0>, C4<0>, C4<0>;
L_0x22bd850 .functor XOR 1, o0x7f769a706b88, o0x7f769a706bb8, L_0x22bd760, o0x7f769a706c18;
v0x22bc460_0 .net "a", 0 0, o0x7f769a706b88;  0 drivers
v0x22bc540_0 .net "b", 0 0, o0x7f769a706bb8;  0 drivers
v0x22bc600_0 .net "c", 0 0, o0x7f769a706be8;  0 drivers
v0x22bc6a0_0 .net "d", 0 0, o0x7f769a706c18;  0 drivers
v0x22bc760_0 .net "lower", 0 0, L_0x22bd850;  1 drivers
v0x22bc870_0 .net "notC", 0 0, L_0x22bd760;  1 drivers
v0x22bc930_0 .net "upper", 0 0, L_0x22bce10;  1 drivers
    .scope S_0x228f7e0;
T_0 ;
    %wait E_0x229bc10;
    %load/vec4 v0x22b9180_0;
    %pad/u 32;
    %cmpi/e 0, 0, 32;
    %jmp/0xz  T_0.0, 4;
    %pushi/vec4 0, 0, 32;
    %store/vec4 v0x228b7c0_0, 0, 32;
    %jmp T_0.1;
T_0.0 ;
    %load/vec4 v0x22b9180_0;
    %pad/u 7;
    %subi 1, 0, 7;
    %ix/vec4 4;
    %load/vec4a v0x22ba040, 4;
    %store/vec4 v0x228b7c0_0, 0, 32;
    %vpi_call 3 115 "$display", "RF: read %0dd from reg#%0d", v0x228b7c0_0, v0x22b9180_0 {0 0 0};
T_0.1 ;
    %jmp T_0;
    .thread T_0, $push;
    .scope S_0x228f7e0;
T_1 ;
    %wait E_0x229c410;
    %load/vec4 v0x22b9270_0;
    %pad/u 32;
    %cmpi/e 0, 0, 32;
    %jmp/0xz  T_1.0, 4;
    %pushi/vec4 0, 0, 32;
    %store/vec4 v0x22b90a0_0, 0, 32;
    %jmp T_1.1;
T_1.0 ;
    %load/vec4 v0x22b9270_0;
    %pad/u 7;
    %subi 1, 0, 7;
    %ix/vec4 4;
    %load/vec4a v0x22ba040, 4;
    %store/vec4 v0x22b90a0_0, 0, 32;
    %vpi_call 3 124 "$display", "RF: read %0dd from reg#%0d", v0x22b90a0_0, v0x22b9270_0 {0 0 0};
T_1.1 ;
    %jmp T_1;
    .thread T_1, $push;
    .scope S_0x228f7e0;
T_2 ;
    %wait E_0x229bd10;
    %load/vec4 v0x22b9350_0;
    %pad/u 32;
    %pushi/vec4 1, 0, 32;
    %cmp/e;
    %flag_get/vec4 4;
    %load/vec4 v0x22b9540_0;
    %pad/u 32;
    %pushi/vec4 0, 0, 32;
    %cmp/e;
    %flag_get/vec4 4;
    %inv;
    %and;
    %flag_set/vec4 8;
    %jmp/0xz  T_2.0, 8;
    %load/vec4 v0x22b9460_0;
    %load/vec4 v0x22b9540_0;
    %pad/u 7;
    %subi 1, 0, 7;
    %ix/vec4 4;
    %store/vec4a v0x22ba040, 4, 0;
    %vpi_call 3 132 "$display", "RF: wrote %0dd to reg#%0d", v0x22b9460_0, v0x22b9540_0 {0 0 0};
T_2.0 ;
    %jmp T_2;
    .thread T_2;
    .scope S_0x228bbe0;
T_3 ;
    %pushi/vec4 1, 0, 1;
    %store/vec4 v0x22ba730_0, 0, 1;
    %pushi/vec4 0, 0, 32;
    %store/vec4 v0x22ba340_0, 0, 32;
T_3.0 ;
    %load/vec4 v0x22ba340_0;
    %cmpi/s 32, 0, 32;
    %jmp/0xz T_3.1, 5;
    %pushi/vec4 0, 0, 1;
    %store/vec4 v0x22ba280_0, 0, 1;
    %delay 1, 0;
    %load/vec4 v0x22ba340_0;
    %load/vec4 v0x22ba340_0;
    %mul;
    %store/vec4 v0x22ba800_0, 0, 32;
    %delay 1, 0;
    %load/vec4 v0x22ba340_0;
    %pad/s 5;
    %store/vec4 v0x22ba8d0_0, 0, 5;
    %delay 1, 0;
    %pushi/vec4 1, 0, 1;
    %store/vec4 v0x22ba280_0, 0, 1;
    %delay 1, 0;
    %delay 1, 0;
    %load/vec4 v0x22ba340_0;
    %addi 1, 0, 32;
    %store/vec4 v0x22ba340_0, 0, 32;
    %jmp T_3.0;
T_3.1 ;
    %vpi_call 2 23 "$finish" {0 0 0};
    %end;
    .thread T_3;
    .scope S_0x228e5b0;
T_4 ;
    %pushi/vec4 1, 0, 1;
    %store/vec4 v0x22bae40_0, 0, 1;
    %end;
    .thread T_4;
    .scope S_0x228e5b0;
T_5 ;
    %wait E_0x22baa70;
    %load/vec4 v0x22bae40_0;
    %pad/u 32;
    %cmpi/e 1, 0, 32;
    %jmp/0xz  T_5.0, 4;
    %pushi/vec4 0, 0, 1;
    %store/vec4 v0x22bae40_0, 0, 1;
    %vpi_call 3 35 "$readmemh", "ram.dat", v0x22bacb0 {0 0 0};
T_5.0 ;
    %load/vec4 v0x22bb0c0_0;
    %pad/u 32;
    %cmpi/e 1, 0, 32;
    %jmp/0xz  T_5.2, 4;
    %load/vec4 v0x22babd0_0;
    %parti/s 2, 0, 2;
    %cmpi/ne 0, 0, 2;
    %jmp/0xz  T_5.4, 4;
    %pushi/vec4 4294967295, 4294967295, 32;
    %store/vec4 v0x22bafe0_0, 0, 32;
    %jmp T_5.5;
T_5.4 ;
    %pushi/vec4 65535, 0, 32;
    %load/vec4 v0x22babd0_0;
    %cmp/u;
    %jmp/0xz  T_5.6, 5;
    %pushi/vec4 4294967295, 4294967295, 32;
    %store/vec4 v0x22bafe0_0, 0, 32;
    %jmp T_5.7;
T_5.6 ;
    %ix/getv 4, v0x22babd0_0;
    %load/vec4a v0x22bacb0, 4;
    %store/vec4 v0x22bafe0_0, 0, 32;
T_5.7 ;
T_5.5 ;
T_5.2 ;
    %jmp T_5;
    .thread T_5, $push;
    .scope S_0x228e5b0;
T_6 ;
    %wait E_0x22baa30;
    %load/vec4 v0x22bb180_0;
    %pad/u 32;
    %cmpi/e 1, 0, 32;
    %jmp/0xz  T_6.0, 4;
    %load/vec4 v0x22babd0_0;
    %parti/s 2, 0, 2;
    %cmpi/ne 0, 0, 2;
    %jmp/0xz  T_6.2, 4;
    %jmp T_6.3;
T_6.2 ;
    %pushi/vec4 65535, 0, 32;
    %load/vec4 v0x22babd0_0;
    %cmp/u;
    %jmp/0xz  T_6.4, 5;
    %vpi_call 3 67 "$display", "Address %d out of range %d", v0x22babd0_0, P_0x228e730 {0 0 0};
    %jmp T_6.5;
T_6.4 ;
    %load/vec4 v0x22baf00_0;
    %ix/getv 3, v0x22babd0_0;
    %ix/load 4, 0, 0; Constant delay
    %assign/vec4/a/d v0x22bacb0, 0, 4;
T_6.5 ;
T_6.3 ;
T_6.0 ;
    %jmp T_6;
    .thread T_6;
    .scope S_0x22bb3d0;
T_7 ;
    %wait E_0x228b170;
    %load/vec4 v0x22bb7e0_0;
    %flag_set/vec4 8;
    %jmp/0xz  T_7.0, 8;
    %load/vec4 v0x22bb720_0;
    %assign/vec4 v0x22bb8b0_0, 0;
T_7.0 ;
    %jmp T_7;
    .thread T_7;
    .scope S_0x22bba20;
T_8 ;
    %wait E_0x228b170;
    %load/vec4 v0x22bbe10_0;
    %flag_set/vec4 8;
    %jmp/0xz  T_8.0, 8;
    %load/vec4 v0x22bbd70_0;
    %assign/vec4 v0x22bbf10_0, 0;
T_8.0 ;
    %jmp T_8;
    .thread T_8;
# The file index is used to find the file name in the following table.
:file_names 4;
    "N/A";
    "<interactive>";
    "LabM3.v";
    "modules.v";
