#! /cs/local/bin/vvp
:ivl_version "10.0 (stable)" "(v10_0)";
:ivl_delay_selection "TYPICAL";
:vpi_time_precision + 0;
:vpi_module "system";
:vpi_module "vhdl_sys";
:vpi_module "v2005_math";
:vpi_module "va_math";
S_0x11930d0 .scope module, "labM" "labM" 2 1;
 .timescale 0 0;
v0x11ed8a0_0 .var "address", 31 0;
v0x11ed980_0 .var "clk", 0 0;
v0x11eda50_0 .var "memIn", 31 0;
v0x11edb50_0 .net "memOut", 31 0, v0x11ed4b0_0;  1 drivers
v0x11edc20_0 .var "read", 0 0;
v0x11edcc0_0 .var "write", 0 0;
S_0x11c4b90 .scope module, "data" "mem" 2 7, 3 14 0, S_0x11930d0;
 .timescale 0 0;
    .port_info 0 /OUTPUT 32 "memOut"
    .port_info 1 /INPUT 32 "address"
    .port_info 2 /INPUT 32 "memIn"
    .port_info 3 /INPUT 1 "clk"
    .port_info 4 /INPUT 1 "read"
    .port_info 5 /INPUT 1 "write"
P_0x1190b40 .param/l "CAPACITY" 0 3 22, C4<1111111111111111>;
P_0x1190b80 .param/l "DEBUG" 0 3 20, +C4<00000000000000000000000000000000>;
v0x11c0620_0 .net *"_s3", 31 0, L_0x11f0880;  1 drivers
v0x11ed050_0 .net "address", 31 0, v0x11ed8a0_0;  1 drivers
v0x11ed130 .array "arr", 65535 0, 31 0;
v0x11ed200_0 .net "clk", 0 0, v0x11ed980_0;  1 drivers
v0x11ed2c0_0 .var "fresh", 0 0;
v0x11ed3d0_0 .net "memIn", 31 0, v0x11eda50_0;  1 drivers
v0x11ed4b0_0 .var "memOut", 31 0;
v0x11ed590_0 .net "read", 0 0, v0x11edc20_0;  1 drivers
v0x11ed650_0 .net "write", 0 0, v0x11edcc0_0;  1 drivers
E_0x11d1860 .event posedge, v0x11ed200_0;
E_0x11d1060 .event edge, L_0x11f0880, v0x11ed050_0, v0x11ed590_0;
L_0x11f0880 .array/port v0x11ed130, v0x11ed8a0_0;
S_0x1193250 .scope module, "register" "register" 3 79;
 .timescale 0 0;
    .port_info 0 /OUTPUT 2 "q"
    .port_info 1 /INPUT 2 "d"
    .port_info 2 /INPUT 1 "clk"
    .port_info 3 /INPUT 1 "enable"
P_0x118bdb0 .param/l "SIZE" 0 3 85, +C4<00000000000000000000000000000010>;
o0x7fa2c95122b8 .functor BUFZ 1, C4<z>; HiZ drive
v0x11ee9e0_0 .net "clk", 0 0, o0x7fa2c95122b8;  0 drivers
o0x7fa2c9512558 .functor BUFZ 2, C4<zz>; HiZ drive
v0x11eeaf0_0 .net "d", 1 0, o0x7fa2c9512558;  0 drivers
o0x7fa2c9512318 .functor BUFZ 1, C4<z>; HiZ drive
v0x11eebd0_0 .net "enable", 0 0, o0x7fa2c9512318;  0 drivers
v0x11eecc0_0 .net "q", 1 0, L_0x11f0990;  1 drivers
L_0x11f0990 .concat [ 1 1 0 0], v0x11ee250_0, v0x11ee8b0_0;
L_0x11f0a60 .part o0x7fa2c9512558, 0, 1;
L_0x11f0b60 .part o0x7fa2c9512558, 1, 1;
S_0x11edd90 .scope module, "myFF[0]" "ff" 3 90, 3 1 0, S_0x1193250;
 .timescale 0 0;
    .port_info 0 /OUTPUT 1 "q"
    .port_info 1 /INPUT 1 "d"
    .port_info 2 /INPUT 1 "clk"
    .port_info 3 /INPUT 1 "enable"
v0x11ee000_0 .net "clk", 0 0, o0x7fa2c95122b8;  alias, 0 drivers
v0x11ee0c0_0 .net "d", 0 0, L_0x11f0a60;  1 drivers
v0x11ee180_0 .net "enable", 0 0, o0x7fa2c9512318;  alias, 0 drivers
v0x11ee250_0 .var "q", 0 0;
E_0x11d1160 .event posedge, v0x11ee000_0;
S_0x11ee3c0 .scope module, "myFF[1]" "ff" 3 90, 3 1 0, S_0x1193250;
 .timescale 0 0;
    .port_info 0 /OUTPUT 1 "q"
    .port_info 1 /INPUT 1 "d"
    .port_info 2 /INPUT 1 "clk"
    .port_info 3 /INPUT 1 "enable"
v0x11ee640_0 .net "clk", 0 0, o0x7fa2c95122b8;  alias, 0 drivers
v0x11ee710_0 .net "d", 0 0, L_0x11f0b60;  1 drivers
v0x11ee7b0_0 .net "enable", 0 0, o0x7fa2c9512318;  alias, 0 drivers
v0x11ee8b0_0 .var "q", 0 0;
S_0x1190920 .scope module, "rf" "rf" 3 94;
 .timescale 0 0;
    .port_info 0 /OUTPUT 32 "RD1"
    .port_info 1 /OUTPUT 32 "RD2"
    .port_info 2 /INPUT 5 "RN1"
    .port_info 3 /INPUT 5 "RN2"
    .port_info 4 /INPUT 5 "WN"
    .port_info 5 /INPUT 32 "WD"
    .port_info 6 /INPUT 1 "clk"
    .port_info 7 /INPUT 1 "W"
P_0x1190aa0 .param/l "DEBUG" 0 3 99, +C4<00000000000000000000000000000000>;
v0x11eef40_0 .var "RD1", 31 0;
v0x11ef040_0 .var "RD2", 31 0;
o0x7fa2c95126d8 .functor BUFZ 5, C4<zzzzz>; HiZ drive
v0x11ef120_0 .net "RN1", 4 0, o0x7fa2c95126d8;  0 drivers
o0x7fa2c9512708 .functor BUFZ 5, C4<zzzzz>; HiZ drive
v0x11ef1e0_0 .net "RN2", 4 0, o0x7fa2c9512708;  0 drivers
o0x7fa2c9512738 .functor BUFZ 1, C4<z>; HiZ drive
v0x11ef2c0_0 .net "W", 0 0, o0x7fa2c9512738;  0 drivers
o0x7fa2c9512768 .functor BUFZ 32, C4<zzzzzzzzzzzzzzzzzzzzzzzzzzzzzzzz>; HiZ drive
v0x11ef3d0_0 .net "WD", 31 0, o0x7fa2c9512768;  0 drivers
o0x7fa2c9512798 .functor BUFZ 5, C4<zzzzz>; HiZ drive
v0x11ef4b0_0 .net "WN", 4 0, o0x7fa2c9512798;  0 drivers
v0x11ef590_0 .net *"_s10", 6 0, L_0x11f0e80;  1 drivers
v0x11ef670_0 .net *"_s15", 31 0, L_0x11f10e0;  1 drivers
v0x11ef7e0_0 .net *"_s17", 6 0, L_0x11f1180;  1 drivers
v0x11ef8c0_0 .net *"_s2", 31 0, L_0x11f0c80;  1 drivers
L_0x7fa2c94c10a8 .functor BUFT 1, C4<00>, C4<0>, C4<0>, C4<0>;
v0x11ef9a0_0 .net *"_s20", 1 0, L_0x7fa2c94c10a8;  1 drivers
L_0x7fa2c94c10f0 .functor BUFT 1, C4<0000001>, C4<0>, C4<0>, C4<0>;
v0x11efa80_0 .net/2s *"_s21", 6 0, L_0x7fa2c94c10f0;  1 drivers
v0x11efb60_0 .net *"_s23", 6 0, L_0x11f12d0;  1 drivers
v0x11efc40_0 .net *"_s4", 6 0, L_0x11f0d50;  1 drivers
L_0x7fa2c94c1018 .functor BUFT 1, C4<00>, C4<0>, C4<0>, C4<0>;
v0x11efd20_0 .net *"_s7", 1 0, L_0x7fa2c94c1018;  1 drivers
L_0x7fa2c94c1060 .functor BUFT 1, C4<0000001>, C4<0>, C4<0>, C4<0>;
v0x11efe00_0 .net/2s *"_s8", 6 0, L_0x7fa2c94c1060;  1 drivers
v0x11effb0 .array "arr", 31 1, 31 0;
o0x7fa2c95129a8 .functor BUFZ 1, C4<z>; HiZ drive
v0x11f0050_0 .net "clk", 0 0, o0x7fa2c95129a8;  0 drivers
E_0x11eee00 .event posedge, v0x11f0050_0;
E_0x11eee80 .event edge, L_0x11f10e0, v0x11ef1e0_0;
E_0x11eeee0 .event edge, L_0x11f0c80, v0x11ef120_0;
L_0x11f0c80 .array/port v0x11effb0, L_0x11f0e80;
L_0x11f0d50 .concat [ 5 2 0 0], o0x7fa2c95126d8, L_0x7fa2c94c1018;
L_0x11f0e80 .arith/sub 7, L_0x11f0d50, L_0x7fa2c94c1060;
L_0x11f10e0 .array/port v0x11effb0, L_0x11f12d0;
L_0x11f1180 .concat [ 5 2 0 0], o0x7fa2c9512708, L_0x7fa2c94c10a8;
L_0x11f12d0 .arith/sub 7, L_0x11f1180, L_0x7fa2c94c10f0;
S_0x11c4a10 .scope module, "sk" "sk" 3 137;
 .timescale 0 0;
    .port_info 0 /OUTPUT 1 "upper"
    .port_info 1 /OUTPUT 1 "lower"
    .port_info 2 /INPUT 1 "a"
    .port_info 3 /INPUT 1 "b"
    .port_info 4 /INPUT 1 "c"
    .port_info 5 /INPUT 1 "d"
o0x7fa2c9512b58 .functor BUFZ 1, C4<z>; HiZ drive
o0x7fa2c9512b88 .functor BUFZ 1, C4<z>; HiZ drive
o0x7fa2c9512bb8 .functor BUFZ 1, C4<z>; HiZ drive
o0x7fa2c9512be8 .functor BUFZ 1, C4<z>; HiZ drive
L_0x11f0f80 .functor OR 1, o0x7fa2c9512b58, o0x7fa2c9512b88, o0x7fa2c9512bb8, o0x7fa2c9512be8;
L_0x11f14f0 .functor NOT 1, o0x7fa2c9512bb8, C4<0>, C4<0>, C4<0>;
L_0x11f15b0 .functor XOR 1, o0x7fa2c9512b58, o0x7fa2c9512b88, L_0x11f14f0, o0x7fa2c9512be8;
v0x11f01f0_0 .net "a", 0 0, o0x7fa2c9512b58;  0 drivers
v0x11f02d0_0 .net "b", 0 0, o0x7fa2c9512b88;  0 drivers
v0x11f0390_0 .net "c", 0 0, o0x7fa2c9512bb8;  0 drivers
v0x11f0430_0 .net "d", 0 0, o0x7fa2c9512be8;  0 drivers
v0x11f04f0_0 .net "lower", 0 0, L_0x11f15b0;  1 drivers
v0x11f0600_0 .net "notC", 0 0, L_0x11f14f0;  1 drivers
v0x11f06c0_0 .net "upper", 0 0, L_0x11f0f80;  1 drivers
    .scope S_0x11c4b90;
T_0 ;
    %pushi/vec4 1, 0, 1;
    %store/vec4 v0x11ed2c0_0, 0, 1;
    %end;
    .thread T_0;
    .scope S_0x11c4b90;
T_1 ;
    %wait E_0x11d1060;
    %load/vec4 v0x11ed2c0_0;
    %pad/u 32;
    %cmpi/e 1, 0, 32;
    %jmp/0xz  T_1.0, 4;
    %pushi/vec4 0, 0, 1;
    %store/vec4 v0x11ed2c0_0, 0, 1;
    %vpi_call 3 35 "$readmemh", "ram.dat", v0x11ed130 {0 0 0};
T_1.0 ;
    %load/vec4 v0x11ed590_0;
    %pad/u 32;
    %cmpi/e 1, 0, 32;
    %jmp/0xz  T_1.2, 4;
    %load/vec4 v0x11ed050_0;
    %parti/s 2, 0, 2;
    %cmpi/ne 0, 0, 2;
    %jmp/0xz  T_1.4, 4;
    %pushi/vec4 4294967295, 4294967295, 32;
    %store/vec4 v0x11ed4b0_0, 0, 32;
    %jmp T_1.5;
T_1.4 ;
    %pushi/vec4 65535, 0, 32;
    %load/vec4 v0x11ed050_0;
    %cmp/u;
    %jmp/0xz  T_1.6, 5;
    %pushi/vec4 4294967295, 4294967295, 32;
    %store/vec4 v0x11ed4b0_0, 0, 32;
    %jmp T_1.7;
T_1.6 ;
    %ix/getv 4, v0x11ed050_0;
    %load/vec4a v0x11ed130, 4;
    %store/vec4 v0x11ed4b0_0, 0, 32;
T_1.7 ;
T_1.5 ;
T_1.2 ;
    %jmp T_1;
    .thread T_1, $push;
    .scope S_0x11c4b90;
T_2 ;
    %wait E_0x11d1860;
    %load/vec4 v0x11ed650_0;
    %pad/u 32;
    %cmpi/e 1, 0, 32;
    %jmp/0xz  T_2.0, 4;
    %load/vec4 v0x11ed050_0;
    %parti/s 2, 0, 2;
    %cmpi/ne 0, 0, 2;
    %jmp/0xz  T_2.2, 4;
    %jmp T_2.3;
T_2.2 ;
    %pushi/vec4 65535, 0, 32;
    %load/vec4 v0x11ed050_0;
    %cmp/u;
    %jmp/0xz  T_2.4, 5;
    %vpi_call 3 67 "$display", "Address %d out of range %d", v0x11ed050_0, P_0x1190b40 {0 0 0};
    %jmp T_2.5;
T_2.4 ;
    %load/vec4 v0x11ed3d0_0;
    %ix/getv 3, v0x11ed050_0;
    %ix/load 4, 0, 0; Constant delay
    %assign/vec4/a/d v0x11ed130, 0, 4;
T_2.5 ;
T_2.3 ;
T_2.0 ;
    %jmp T_2;
    .thread T_2;
    .scope S_0x11930d0;
T_3 ;
    %pushi/vec4 40, 0, 32;
    %store/vec4 v0x11ed8a0_0, 0, 32;
    %pushi/vec4 0, 0, 1;
    %store/vec4 v0x11edcc0_0, 0, 1;
    %pushi/vec4 1, 0, 1;
    %store/vec4 v0x11edc20_0, 0, 1;
    %pushi/vec4 11, 0, 32;
T_3.0 %dup/vec4;
    %pushi/vec4 0, 0, 32;
    %cmp/s;
    %jmp/1xz T_3.1, 5;
    %jmp/1 T_3.1, 4;
    %pushi/vec4 1, 0, 32;
    %sub;
    %delay 4, 0;
    %vpi_call 2 14 "$display", "Address %d contains %h", v0x11ed8a0_0, v0x11edb50_0 {0 0 0};
    %load/vec4 v0x11ed8a0_0;
    %addi 4, 0, 32;
    %store/vec4 v0x11ed8a0_0, 0, 32;
    %jmp T_3.0;
T_3.1 ;
    %pop/vec4 1;
    %vpi_call 2 17 "$finish" {0 0 0};
    %end;
    .thread T_3;
    .scope S_0x11930d0;
T_4 ;
    %delay 4, 0;
    %load/vec4 v0x11ed980_0;
    %inv;
    %store/vec4 v0x11ed980_0, 0, 1;
    %jmp T_4;
    .thread T_4;
    .scope S_0x11edd90;
T_5 ;
    %wait E_0x11d1160;
    %load/vec4 v0x11ee180_0;
    %flag_set/vec4 8;
    %jmp/0xz  T_5.0, 8;
    %load/vec4 v0x11ee0c0_0;
    %assign/vec4 v0x11ee250_0, 0;
T_5.0 ;
    %jmp T_5;
    .thread T_5;
    .scope S_0x11ee3c0;
T_6 ;
    %wait E_0x11d1160;
    %load/vec4 v0x11ee7b0_0;
    %flag_set/vec4 8;
    %jmp/0xz  T_6.0, 8;
    %load/vec4 v0x11ee710_0;
    %assign/vec4 v0x11ee8b0_0, 0;
T_6.0 ;
    %jmp T_6;
    .thread T_6;
    .scope S_0x1190920;
T_7 ;
    %wait E_0x11eeee0;
    %load/vec4 v0x11ef120_0;
    %pad/u 32;
    %cmpi/e 0, 0, 32;
    %jmp/0xz  T_7.0, 4;
    %pushi/vec4 0, 0, 32;
    %store/vec4 v0x11eef40_0, 0, 32;
    %jmp T_7.1;
T_7.0 ;
    %load/vec4 v0x11ef120_0;
    %pad/u 7;
    %subi 1, 0, 7;
    %ix/vec4 4;
    %load/vec4a v0x11effb0, 4;
    %store/vec4 v0x11eef40_0, 0, 32;
T_7.1 ;
    %jmp T_7;
    .thread T_7, $push;
    .scope S_0x1190920;
T_8 ;
    %wait E_0x11eee80;
    %load/vec4 v0x11ef1e0_0;
    %pad/u 32;
    %cmpi/e 0, 0, 32;
    %jmp/0xz  T_8.0, 4;
    %pushi/vec4 0, 0, 32;
    %store/vec4 v0x11ef040_0, 0, 32;
    %jmp T_8.1;
T_8.0 ;
    %load/vec4 v0x11ef1e0_0;
    %pad/u 7;
    %subi 1, 0, 7;
    %ix/vec4 4;
    %load/vec4a v0x11effb0, 4;
    %store/vec4 v0x11ef040_0, 0, 32;
T_8.1 ;
    %jmp T_8;
    .thread T_8, $push;
    .scope S_0x1190920;
T_9 ;
    %wait E_0x11eee00;
    %load/vec4 v0x11ef2c0_0;
    %pad/u 32;
    %pushi/vec4 1, 0, 32;
    %cmp/e;
    %flag_get/vec4 4;
    %load/vec4 v0x11ef4b0_0;
    %pad/u 32;
    %pushi/vec4 0, 0, 32;
    %cmp/e;
    %flag_get/vec4 4;
    %inv;
    %and;
    %flag_set/vec4 8;
    %jmp/0xz  T_9.0, 8;
    %load/vec4 v0x11ef3d0_0;
    %load/vec4 v0x11ef4b0_0;
    %pad/u 7;
    %subi 1, 0, 7;
    %ix/vec4 4;
    %store/vec4a v0x11effb0, 4, 0;
T_9.0 ;
    %jmp T_9;
    .thread T_9;
# The file index is used to find the file name in the following table.
:file_names 4;
    "N/A";
    "<interactive>";
    "LabM5.v";
    "modules.v";
